#
# A fatal error has been detected by the Java Runtime Environment:
#
#  SIGSEGV (0xb) at pc=0x00007fff8d85062a, pid=33703, tid=73223
#
# JRE version: Java(TM) SE Runtime Environment (7.0_51-b13) (build 1.7.0_51-b13)
# Java VM: Java HotSpot(TM) 64-Bit Server VM (24.51-b03 mixed mode bsd-amd64 compressed oops)
# Problematic frame:
# C  [libobjc.A.dylib+0x762a]  _ZN12_GLOBAL__N_119AutoreleasePoolPage3popEPv+0x1c6
#
# Failed to write core dump. Core dumps have been disabled. To enable core dumping, try "ulimit -c unlimited" before starting Java again
#
# If you would like to submit a bug report, please visit:
#   http://bugreport.sun.com/bugreport/crash.jsp
# The crash happened outside the Java Virtual Machine in native code.
# See problematic frame for where to report the bug.
#

---------------  T H R E A D  ---------------

Current thread (0x00007fc263b2f800):  JavaThread "LWJGL Renderer Thread" [_thread_in_native, id=73223, stack(0x0000000120a4f000,0x0000000120b4f000)]

siginfo:si_signo=SIGSEGV: si_errno=0, si_code=1 (SEGV_MAPERR), si_addr=0x0000000000000010

Registers:
RAX=0x00007fc2645d4038, RBX=0xa3a3a3a3a3a3a3a3, RCX=0x00007fc2645d4038, RDX=0x00000000a1a1a1a1
RSP=0x0000000120b4e200, RBP=0x0000000120b4e650, RSI=0x0000000000000000, RDI=0x00007fc26431a038
R8 =0x00007fc2658e3df0, R9 =0x0000000000000000, R10=0x00007fc26343dfe0, R11=0x00007fff76255db8
R12=0x0000000000000000, R13=0x000000077ba9bd90, R14=0x00007fc26431a038, R15=0x00007fc26431a000
RIP=0x00007fff8d85062a, EFLAGS=0x0000000000010246, ERR=0x0000000000000004
  TRAPNO=0x000000000000000e

Top of Stack: (sp=0x0000000120b4e200)
0x0000000120b4e200:   0000000120b4e240 00007fff8c65c8f3
0x0000000120b4e210:   0000001100000018 00007fc26431a038
0x0000000120b4e220:   000b3000000b3000 00007fc26340a6d0
0x0000000120b4e230:   0000000120b4e260 00007fc26340a6e0
0x0000000120b4e240:   0000000120b4e390 00007fff9141d34c
0x0000000120b4e250:   0000000000000000 0000000000000a00
0x0000000120b4e260:   0000001800000011 0000000000001103
0x0000000120b4e270:   0000000063b2f800 000000010aa0045f
0x0000000120b4e280:   0000000000000a00 0000000000000030
0x0000000120b4e290:   0000000000012068 00007fc26343d940
0x0000000120b4e2a0:   0000000000012068 0000000120b4e35c
0x0000000120b4e2b0:   0000000120b4e340 00007fff8c65c4a9
0x0000000120b4e2c0:   0000000120b4e350 0000000120b4e364
0x0000000120b4e2d0:   0000000120b4e360 0000000000000000
0x0000000120b4e2e0:   0000000120b4e35c 00007fc26343d95c
0x0000000120b4e2f0:   0000000000222a44 000001006343dae4
0x0000000120b4e300:   00007fc26343d958 00012068003c9b9f
0x0000000120b4e310:   0000000000222a44 0000000000000001
0x0000000120b4e320:   0000000000000001 0000000000000008
0x0000000120b4e330:   00007fc26343d940 0000000000000000
0x0000000120b4e340:   0000000120b4e380 00007fff8c65c8f3
0x0000000120b4e350:   0000000120b4e390 0001206800000001
0x0000000120b4e360:   0000000000000000 00007fc2658e3e00
0x0000000120b4e370:   0000000000000000 0000000000000000
0x0000000120b4e380:   0000000120b4e400 00007fff8c65c779
0x0000000120b4e390:   0000000000222a44 00007fc2658e3e18
0x0000000120b4e3a0:   00007fc2658e3e1c 00007fc2658e3e14
0x0000000120b4e3b0:   00007fc2658e3e00 0000000000000100
0x0000000120b4e3c0:   0000000000000303 0000000100409690
0x0000000120b4e3d0:   0000000120b4e448 00007fc2658e3df0
0x0000000120b4e3e0:   00007fff775a3d90 00007fff775a3d90
0x0000000120b4e3f0:   00007fc263507a50 000000010995e400 

Instructions: (pc=0x00007fff8d85062a)
0x00007fff8d85060a:   48 8b 76 20 48 85 f6 74 0e 8b 16 81 fa a1 a1 a1
0x00007fff8d85061a:   a1 0f 85 15 01 00 00 65 48 89 34 25 80 01 00 00
0x00007fff8d85062a:   48 8b 46 10 48 8d 4e 38 48 39 c8 74 d3 48 83 c6
0x00007fff8d85063a:   10 eb 04 48 8d 76 10 48 8d 48 f8 48 89 0e 48 8b 

Register to memory mapping:

RAX=0x00007fc2645d4038 is an unknown value
RBX=0xa3a3a3a3a3a3a3a3 is an unknown value
RCX=0x00007fc2645d4038 is an unknown value
RDX=0x00000000a1a1a1a1 is an unknown value
RSP=0x0000000120b4e200 is pointing into the stack for thread: 0x00007fc263b2f800
RBP=0x0000000120b4e650 is pointing into the stack for thread: 0x00007fc263b2f800
RSI=0x0000000000000000 is an unknown value
RDI=0x00007fc26431a038 is an unknown value
R8 =0x00007fc2658e3df0 is an unknown value
R9 =0x0000000000000000 is an unknown value
R10=0x00007fc26343dfe0 is an unknown value
R11=0x00007fff76255db8: OBJC_CLASS_$_NSAutoreleasePool+0 in /System/Library/Frameworks/Foundation.framework/Versions/C/Foundation at 0x00007fff86641000
R12=0x0000000000000000 is an unknown value
R13=0x000000077ba9bd90 is an oop
{method} 
 - klass: {other class}
R14=0x00007fc26431a038 is an unknown value
R15=0x00007fc26431a000 is an unknown value


Stack: [0x0000000120a4f000,0x0000000120b4f000],  sp=0x0000000120b4e200,  free space=1020k
Native frames: (J=compiled Java code, j=interpreted, Vv=VM code, C=native code)
C  [libobjc.A.dylib+0x762a]  _ZN12_GLOBAL__N_119AutoreleasePoolPage3popEPv+0x1c6
C  [CoreFoundation+0x389e2]  _CFAutoreleasePoolPop+0x32
C  [Foundation+0x1ae17]  -[NSAutoreleasePool drain]+0x93
j  org.lwjgl.opengl.MacOSXDisplay.nDestroyWindow(Ljava/nio/ByteBuffer;)V+0
j  org.lwjgl.opengl.MacOSXDisplay.destroyWindow()V+43
j  org.lwjgl.opengl.Display.destroyWindow()V+46
j  org.lwjgl.opengl.Display.setDisplayMode(Lorg/lwjgl/opengl/DisplayMode;)V+34
j  com.jme3.system.lwjgl.LwjglDisplay.createContext(Lcom/jme3/system/AppSettings;)V+270
j  com.jme3.system.lwjgl.LwjglAbstractDisplay.initInThread()Z+25
j  com.jme3.system.lwjgl.LwjglAbstractDisplay.run()V+32
j  java.lang.Thread.run()V+11
v  ~StubRoutines::call_stub
V  [libjvm.dylib+0x2d6bb0]
V  [libjvm.dylib+0x2d70c7]
V  [libjvm.dylib+0x2d7204]
V  [libjvm.dylib+0x3261ea]
V  [libjvm.dylib+0x4efb57]
V  [libjvm.dylib+0x4f125f]
V  [libjvm.dylib+0x41b1d6]
C  [libsystem_pthread.dylib+0x1899]  _pthread_body+0x8a
C  [libsystem_pthread.dylib+0x172a]  _pthread_struct_init+0x0
C  [libsystem_pthread.dylib+0x5fc9]  thread_start+0xd

Java frames: (J=compiled Java code, j=interpreted, Vv=VM code)
j  org.lwjgl.opengl.MacOSXDisplay.nDestroyWindow(Ljava/nio/ByteBuffer;)V+0
j  org.lwjgl.opengl.MacOSXDisplay.destroyWindow()V+43
j  org.lwjgl.opengl.Display.destroyWindow()V+46
j  org.lwjgl.opengl.Display.setDisplayMode(Lorg/lwjgl/opengl/DisplayMode;)V+34
j  com.jme3.system.lwjgl.LwjglDisplay.createContext(Lcom/jme3/system/AppSettings;)V+270
j  com.jme3.system.lwjgl.LwjglAbstractDisplay.initInThread()Z+25
j  com.jme3.system.lwjgl.LwjglAbstractDisplay.run()V+32
j  java.lang.Thread.run()V+11
v  ~StubRoutines::call_stub

---------------  P R O C E S S  ---------------

Java Threads: ( => current thread )
  0x00007fc26380d800 JavaThread "DestroyJavaVM" [_thread_blocked, id=6915, stack(0x000000010a4a9000,0x000000010a5a9000)]
=>0x00007fc263b2f800 JavaThread "LWJGL Renderer Thread" [_thread_in_native, id=73223, stack(0x0000000120a4f000,0x0000000120b4f000)]
  0x00007fc264506800 JavaThread "jME3 Audio Thread" daemon [_thread_blocked, id=51471, stack(0x0000000120554000,0x0000000120654000)]
  0x00007fc2642ef800 JavaThread "LWJGL Renderer Thread" [_thread_in_native, id=51719, stack(0x000000011b24c000,0x000000011b34c000)]
  0x00007fc264529000 JavaThread "TimerQueue" daemon [_thread_blocked, id=54083, stack(0x000000011f11a000,0x000000011f21a000)]
  0x00007fc264243000 JavaThread "Image Fetcher 0" daemon [_thread_blocked, id=49671, stack(0x0000000119557000,0x0000000119657000)]
  0x00007fc263909800 JavaThread "Timer-0" daemon [_thread_blocked, id=48903, stack(0x0000000119454000,0x0000000119554000)]
  0x00007fc2641cb000 JavaThread "Java2D Disposer" daemon [_thread_blocked, id=48387, stack(0x0000000119351000,0x0000000119451000)]
  0x00007fc263958800 JavaThread "Java2D Queue Flusher" daemon [_thread_blocked, id=46855, stack(0x000000011850c000,0x000000011860c000)]
  0x00007fc26391e800 JavaThread "AWT-EventQueue-0" [_thread_in_native, id=45575, stack(0x0000000118409000,0x0000000118509000)]
  0x00007fc263915000 JavaThread "AWT-Shutdown" [_thread_blocked, id=28427, stack(0x0000000115b44000,0x0000000115c44000)]
  0x00007fc2638c4000 JavaThread "AppKit Thread" daemon [_thread_in_native, id=1287, stack(0x00007fff5623f000,0x00007fff562bf000)]
  0x00007fc263865000 JavaThread "Service Thread" daemon [_thread_blocked, id=18435, stack(0x0000000113e7c000,0x0000000113f7c000)]
  0x00007fc263853800 JavaThread "C2 CompilerThread1" daemon [_thread_in_native, id=17923, stack(0x0000000113d79000,0x0000000113e79000)]
  0x00007fc263853000 JavaThread "C2 CompilerThread0" daemon [_thread_in_vm, id=17411, stack(0x0000000113c76000,0x0000000113d76000)]
  0x00007fc264007000 JavaThread "Signal Dispatcher" daemon [_thread_blocked, id=16899, stack(0x0000000113b73000,0x0000000113c73000)]
  0x00007fc263851000 JavaThread "Finalizer" daemon [_thread_blocked, id=12035, stack(0x0000000113924000,0x0000000113a24000)]
  0x00007fc263850000 JavaThread "Reference Handler" daemon [_thread_blocked, id=11523, stack(0x0000000113821000,0x0000000113921000)]

Other Threads:
  0x00007fc26384f800 VMThread [stack: 0x000000011371e000,0x000000011381e000] [id=11011]
  0x00007fc264005000 WatcherThread [stack: 0x0000000113f7f000,0x000000011407f000] [id=18947]

VM state:not at safepoint (normal execution)

VM Mutex/Monitor currently owned by a thread: None

Heap
 PSYoungGen      total 38912K, used 28914K [0x00000007d5500000, 0x00000007d8000000, 0x0000000800000000)
  eden space 33792K, 85% used [0x00000007d5500000,0x00000007d713cac0,0x00000007d7600000)
  from space 5120K, 0% used [0x00000007d7b00000,0x00000007d7b00000,0x00000007d8000000)
  to   space 5120K, 0% used [0x00000007d7600000,0x00000007d7600000,0x00000007d7b00000)
 ParOldGen       total 87040K, used 0K [0x0000000780000000, 0x0000000785500000, 0x00000007d5500000)
  object space 87040K, 0% used [0x0000000780000000,0x0000000780000000,0x0000000785500000)
 PSPermGen       total 21504K, used 16040K [0x000000077ae00000, 0x000000077c300000, 0x0000000780000000)
  object space 21504K, 74% used [0x000000077ae00000,0x000000077bdaa398,0x000000077c300000)

Card table byte_map: [0x000000010dac0000,0x000000010deea000] byte_map_base: 0x0000000109ee9000

Polling page: 0x000000010a5e8000

Code Cache  [0x000000010aa00000, 0x000000010ac70000, 0x000000010da00000)
 total_blobs=632 nmethods=80 adapters=506 free_code_cache=48422Kb largest_free_block=49561920

Compilation events (10 events):
Event: 4.626 Thread 0x00007fc263853800   76             java.util.regex.Pattern$5::isSatisfiedBy (28 bytes)
Event: 4.628 Thread 0x00007fc263853800 nmethod 76 0x000000010aab5c50 code [0x000000010aab5da0, 0x000000010aab5f38]
Event: 4.628 Thread 0x00007fc263853800   77             java.util.regex.Pattern$BitClass::isSatisfiedBy (22 bytes)
Event: 4.629 Thread 0x00007fc263853800 nmethod 77 0x000000010aaba450 code [0x000000010aaba5a0, 0x000000010aaba658]
Event: 4.629 Thread 0x00007fc263853800   78             java.lang.Character::charCount (12 bytes)
Event: 4.631 Thread 0x00007fc263853800 nmethod 78 0x000000010aaba250 code [0x000000010aaba380, 0x000000010aaba3d8]
Event: 4.640 Thread 0x00007fc263853000 nmethod 72 0x000000010aab0550 code [0x000000010aab0700, 0x000000010aab0bb0]
Event: 4.647 Thread 0x00007fc263853800   79 % !         java.io.BufferedReader::readLine @ 131 (304 bytes)
Event: 4.659 Thread 0x00007fc263853000   80             java.util.concurrent.locks.AbstractOwnableSynchronizer::setExclusiveOwnerThread (6 bytes)
Event: 4.659 Thread 0x00007fc263853000 nmethod 80 0x000000010aaba050 code [0x000000010aaba180, 0x000000010aaba1f8]

GC Heap History (0 events):
No events

Deoptimization events (1 events):
Event: 4.631 Thread 0x00007fc2642ef800 Uncommon trap: reason=unloaded action=reinterpret pc=0x000000010aaaab58 method=java.io.BufferedReader.readLine(Z)Ljava/lang/String; @ 268

Internal exceptions (10 events):
Event: 4.532 Thread 0x00007fc2642ef800 Threw 0x00000007d6edf500 at /HUDSON/workspace/7u-2-build-macosx-x86_64/jdk7u51/527/hotspot/src/share/vm/prims/jvm.cpp:1244
Event: 4.534 Thread 0x00007fc2642ef800 Threw 0x00000007d6ee32b0 at /HUDSON/workspace/7u-2-build-macosx-x86_64/jdk7u51/527/hotspot/src/share/vm/prims/jvm.cpp:1244
Event: 4.535 Thread 0x00007fc2642ef800 Threw 0x00000007d6ee7088 at /HUDSON/workspace/7u-2-build-macosx-x86_64/jdk7u51/527/hotspot/src/share/vm/prims/jvm.cpp:1244
Event: 4.537 Thread 0x00007fc2642ef800 Threw 0x00000007d6eedb28 at /HUDSON/workspace/7u-2-build-macosx-x86_64/jdk7u51/527/hotspot/src/share/vm/prims/jvm.cpp:1244
Event: 4.658 Thread 0x00007fc2642ef800 Threw 0x00000007d6f95aa0 at /HUDSON/workspace/7u-2-build-macosx-x86_64/jdk7u51/527/hotspot/src/share/vm/prims/jvm.cpp:1244
Event: 4.658 Thread 0x00007fc2642ef800 Threw 0x00000007d6f9f8f8 at /HUDSON/workspace/7u-2-build-macosx-x86_64/jdk7u51/527/hotspot/src/share/vm/prims/jvm.cpp:1244
Event: 4.660 Thread 0x00007fc2642ef800 Threw 0x00000007d6fa2e48 at /HUDSON/workspace/7u-2-build-macosx-x86_64/jdk7u51/527/hotspot/src/share/vm/prims/jvm.cpp:1244
Event: 4.661 Thread 0x00007fc2642ef800 Threw 0x00000007d6fa5ea8 at /HUDSON/workspace/7u-2-build-macosx-x86_64/jdk7u51/527/hotspot/src/share/vm/prims/jvm.cpp:1244
Event: 4.661 Thread 0x00007fc2642ef800 Threw 0x00000007d6fa9b28 at /HUDSON/workspace/7u-2-build-macosx-x86_64/jdk7u51/527/hotspot/src/share/vm/prims/jvm.cpp:1244
Event: 4.663 Thread 0x00007fc2642ef800 Threw 0x00000007d6fad890 at /HUDSON/workspace/7u-2-build-macosx-x86_64/jdk7u51/527/hotspot/src/share/vm/prims/jvm.cpp:1244

Events (10 events):
Event: 4.658 loading class 0x00007fc2658c9b90
Event: 4.658 loading class 0x00007fc2658c9b90 done
Event: 4.660 loading class 0x00007fc2634284d0
Event: 4.660 loading class 0x00007fc2634284d0 done
Event: 4.661 loading class 0x00007fc2634284a0
Event: 4.661 loading class 0x00007fc2634284a0 done
Event: 4.661 loading class 0x00007fc2658c9b60
Event: 4.661 loading class 0x00007fc2658c9b60 done
Event: 4.662 loading class 0x00007fc2634316d0
Event: 4.662 loading class 0x00007fc2634316d0 done


Dynamic libraries:
0x0000000006130000 	/System/Library/Frameworks/Cocoa.framework/Versions/A/Cocoa
0x0000000006130000 	/System/Library/Frameworks/Security.framework/Versions/A/Security
0x0000000006130000 	/System/Library/Frameworks/ApplicationServices.framework/Versions/A/ApplicationServices
0x0000000006130000 	/usr/lib/libz.1.dylib
0x0000000006130000 	/usr/lib/libSystem.B.dylib
0x0000000006130000 	/usr/lib/libobjc.A.dylib
0x0000000006130000 	/System/Library/Frameworks/CoreFoundation.framework/Versions/A/CoreFoundation
0x0000000006130000 	/System/Library/Frameworks/Foundation.framework/Versions/C/Foundation
0x0000000006130000 	/System/Library/Frameworks/AppKit.framework/Versions/C/AppKit
0x0000000006130000 	/System/Library/Frameworks/CoreData.framework/Versions/A/CoreData
0x0000000006130000 	/System/Library/PrivateFrameworks/RemoteViewServices.framework/Versions/A/RemoteViewServices
0x0000000006130000 	/System/Library/Frameworks/AudioToolbox.framework/Versions/A/AudioToolbox
0x0000000006130000 	/System/Library/Frameworks/AudioUnit.framework/Versions/A/AudioUnit
0x0000000006130000 	/System/Library/PrivateFrameworks/DataDetectorsCore.framework/Versions/A/DataDetectorsCore
0x0000000006130000 	/System/Library/PrivateFrameworks/DesktopServicesPriv.framework/Versions/A/DesktopServicesPriv
0x0000000006130000 	/System/Library/Frameworks/Carbon.framework/Versions/A/Frameworks/HIToolbox.framework/Versions/A/HIToolbox
0x0000000006130000 	/System/Library/Frameworks/QuartzCore.framework/Versions/A/QuartzCore
0x0000000006130000 	/System/Library/Frameworks/Carbon.framework/Versions/A/Frameworks/SpeechRecognition.framework/Versions/A/SpeechRecognition
0x0000000006130000 	/usr/lib/libauto.dylib
0x0000000006130000 	/usr/lib/libicucore.A.dylib
0x0000000006130000 	/usr/lib/libxml2.2.dylib
0x0000000006130000 	/System/Library/PrivateFrameworks/CoreUI.framework/Versions/A/CoreUI
0x0000000006130000 	/System/Library/Frameworks/CoreAudio.framework/Versions/A/CoreAudio
0x0000000006130000 	/System/Library/Frameworks/DiskArbitration.framework/Versions/A/DiskArbitration
0x0000000006130000 	/usr/lib/liblangid.dylib
0x0000000006130000 	/System/Library/PrivateFrameworks/MultitouchSupport.framework/Versions/A/MultitouchSupport
0x0000000006130000 	/System/Library/Frameworks/IOKit.framework/Versions/A/IOKit
0x0000000006130000 	/usr/lib/libDiagnosticMessagesClient.dylib
0x0000000006130000 	/System/Library/Frameworks/CoreServices.framework/Versions/A/CoreServices
0x0000000006130000 	/System/Library/PrivateFrameworks/PerformanceAnalysis.framework/Versions/A/PerformanceAnalysis
0x0000000006130000 	/System/Library/PrivateFrameworks/GenerationalStorage.framework/Versions/A/GenerationalStorage
0x0000000006130000 	/System/Library/Frameworks/OpenGL.framework/Versions/A/OpenGL
0x0000000006130000 	/System/Library/PrivateFrameworks/Sharing.framework/Versions/A/Sharing
0x0000000006130000 	/System/Library/Frameworks/ImageIO.framework/Versions/A/ImageIO
0x0000000006130000 	/System/Library/Frameworks/CoreText.framework/Versions/A/CoreText
0x0000000006130000 	/System/Library/Frameworks/CoreGraphics.framework/Versions/A/CoreGraphics
0x0000000006130000 	/System/Library/PrivateFrameworks/Backup.framework/Versions/A/Backup
0x0000000006130000 	/System/Library/Frameworks/CFNetwork.framework/Versions/A/CFNetwork
0x0000000006130000 	/System/Library/Frameworks/SystemConfiguration.framework/Versions/A/SystemConfiguration
0x0000000006130000 	/usr/lib/libCRFSuite.dylib
0x0000000006130000 	/usr/lib/libc++.1.dylib
0x0000000006130000 	/usr/lib/libc++abi.dylib
0x0000000006130000 	/usr/lib/system/libcache.dylib
0x0000000006130000 	/usr/lib/system/libcommonCrypto.dylib
0x0000000006130000 	/usr/lib/system/libcompiler_rt.dylib
0x0000000006130000 	/usr/lib/system/libcopyfile.dylib
0x0000000006130000 	/usr/lib/system/libcorecrypto.dylib
0x0000000006130000 	/usr/lib/system/libdispatch.dylib
0x0000000006130000 	/usr/lib/system/libdyld.dylib
0x0000000006130000 	/usr/lib/system/libkeymgr.dylib
0x0000000006130000 	/usr/lib/system/liblaunch.dylib
0x0000000006130000 	/usr/lib/system/libmacho.dylib
0x0000000006130000 	/usr/lib/system/libquarantine.dylib
0x0000000006130000 	/usr/lib/system/libremovefile.dylib
0x0000000006130000 	/usr/lib/system/libsystem_asl.dylib
0x0000000006130000 	/usr/lib/system/libsystem_blocks.dylib
0x0000000006130000 	/usr/lib/system/libsystem_c.dylib
0x0000000006130000 	/usr/lib/system/libsystem_configuration.dylib
0x0000000006130000 	/usr/lib/system/libsystem_dnssd.dylib
0x0000000006130000 	/usr/lib/system/libsystem_info.dylib
0x0000000006130000 	/usr/lib/system/libsystem_kernel.dylib
0x0000000006130000 	/usr/lib/system/libsystem_m.dylib
0x0000000006130000 	/usr/lib/system/libsystem_malloc.dylib
0x0000000006130000 	/usr/lib/system/libsystem_network.dylib
0x0000000006130000 	/usr/lib/system/libsystem_notify.dylib
0x0000000006130000 	/usr/lib/system/libsystem_platform.dylib
0x0000000006130000 	/usr/lib/system/libsystem_pthread.dylib
0x0000000006130000 	/usr/lib/system/libsystem_sandbox.dylib
0x0000000006130000 	/usr/lib/system/libsystem_stats.dylib
0x0000000006130000 	/usr/lib/system/libunc.dylib
0x0000000006130000 	/usr/lib/system/libunwind.dylib
0x0000000006130000 	/usr/lib/system/libxpc.dylib
0x0000000006130000 	/usr/lib/libbsm.0.dylib
0x0000000006130000 	/usr/lib/libsqlite3.dylib
0x0000000006130000 	/usr/lib/libxar.1.dylib
0x0000000006130000 	/usr/lib/libpam.2.dylib
0x0000000006130000 	/usr/lib/libOpenScriptingUtil.dylib
0x0000000006130000 	/usr/lib/libbz2.1.0.dylib
0x0000000006130000 	/System/Library/Frameworks/CoreServices.framework/Versions/A/Frameworks/CarbonCore.framework/Versions/A/CarbonCore
0x0000000006130000 	/System/Library/Frameworks/CoreServices.framework/Versions/A/Frameworks/Metadata.framework/Versions/A/Metadata
0x0000000006130000 	/System/Library/Frameworks/CoreServices.framework/Versions/A/Frameworks/OSServices.framework/Versions/A/OSServices
0x0000000006130000 	/System/Library/Frameworks/CoreServices.framework/Versions/A/Frameworks/SearchKit.framework/Versions/A/SearchKit
0x0000000006130000 	/System/Library/Frameworks/CoreServices.framework/Versions/A/Frameworks/AE.framework/Versions/A/AE
0x0000000006130000 	/System/Library/Frameworks/CoreServices.framework/Versions/A/Frameworks/LaunchServices.framework/Versions/A/LaunchServices
0x0000000006130000 	/System/Library/Frameworks/CoreServices.framework/Versions/A/Frameworks/DictionaryServices.framework/Versions/A/DictionaryServices
0x0000000006130000 	/System/Library/Frameworks/NetFS.framework/Versions/A/NetFS
0x0000000006130000 	/usr/lib/system/libkxld.dylib
0x0000000006130000 	/System/Library/PrivateFrameworks/NetAuth.framework/Versions/A/NetAuth
0x0000000006130000 	/System/Library/PrivateFrameworks/TCC.framework/Versions/A/TCC
0x0000000006130000 	/System/Library/Frameworks/OpenDirectory.framework/Versions/A/Frameworks/CFOpenDirectory.framework/Versions/A/CFOpenDirectory
0x0000000006130000 	/System/Library/Frameworks/ServiceManagement.framework/Versions/A/ServiceManagement
0x0000000006130000 	/usr/lib/libxslt.1.dylib
0x0000000006130000 	/System/Library/Frameworks/Carbon.framework/Versions/A/Frameworks/Ink.framework/Versions/A/Ink
0x0000000006130000 	/System/Library/Frameworks/ApplicationServices.framework/Versions/A/Frameworks/ATS.framework/Versions/A/ATS
0x0000000006130000 	/System/Library/Frameworks/ApplicationServices.framework/Versions/A/Frameworks/ColorSync.framework/Versions/A/ColorSync
0x0000000006130000 	/System/Library/Frameworks/ApplicationServices.framework/Versions/A/Frameworks/HIServices.framework/Versions/A/HIServices
0x0000000006130000 	/System/Library/Frameworks/ApplicationServices.framework/Versions/A/Frameworks/LangAnalysis.framework/Versions/A/LangAnalysis
0x0000000006130000 	/System/Library/Frameworks/ApplicationServices.framework/Versions/A/Frameworks/PrintCore.framework/Versions/A/PrintCore
0x0000000006130000 	/System/Library/Frameworks/ApplicationServices.framework/Versions/A/Frameworks/QD.framework/Versions/A/QD
0x0000000006130000 	/System/Library/Frameworks/ApplicationServices.framework/Versions/A/Frameworks/SpeechSynthesis.framework/Versions/A/SpeechSynthesis
0x0000000006130000 	/System/Library/Frameworks/IOSurface.framework/Versions/A/IOSurface
0x0000000006130000 	/System/Library/Frameworks/Accelerate.framework/Versions/A/Accelerate
0x0000000006130000 	/System/Library/Frameworks/Accelerate.framework/Versions/A/Frameworks/vImage.framework/Versions/A/vImage
0x0000000006130000 	/System/Library/Frameworks/Accelerate.framework/Versions/A/Frameworks/vecLib.framework/Versions/A/vecLib
0x0000000006130000 	/System/Library/Frameworks/Accelerate.framework/Versions/A/Frameworks/vecLib.framework/Versions/A/libvDSP.dylib
0x0000000006130000 	/System/Library/Frameworks/Accelerate.framework/Versions/A/Frameworks/vecLib.framework/Versions/A/libvMisc.dylib
0x0000000006130000 	/System/Library/Frameworks/Accelerate.framework/Versions/A/Frameworks/vecLib.framework/Versions/A/libLAPACK.dylib
0x0000000006130000 	/System/Library/Frameworks/Accelerate.framework/Versions/A/Frameworks/vecLib.framework/Versions/A/libBLAS.dylib
0x0000000006130000 	/System/Library/Frameworks/ApplicationServices.framework/Versions/A/Frameworks/ATS.framework/Versions/A/Resources/libFontParser.dylib
0x0000000006130000 	/System/Library/Frameworks/ApplicationServices.framework/Versions/A/Frameworks/ATS.framework/Versions/A/Resources/libFontRegistry.dylib
0x0000000006130000 	/System/Library/Frameworks/ImageIO.framework/Versions/A/Resources/libJPEG.dylib
0x0000000006130000 	/System/Library/Frameworks/ImageIO.framework/Versions/A/Resources/libTIFF.dylib
0x0000000006130000 	/System/Library/Frameworks/ImageIO.framework/Versions/A/Resources/libPng.dylib
0x0000000006130000 	/System/Library/Frameworks/ImageIO.framework/Versions/A/Resources/libGIF.dylib
0x0000000006130000 	/System/Library/Frameworks/ImageIO.framework/Versions/A/Resources/libJP2.dylib
0x0000000006130000 	/System/Library/Frameworks/ImageIO.framework/Versions/A/Resources/libRadiance.dylib
0x0000000006130000 	/usr/lib/libcups.2.dylib
0x0000000006130000 	/System/Library/Frameworks/Kerberos.framework/Versions/A/Kerberos
0x0000000006130000 	/System/Library/Frameworks/GSS.framework/Versions/A/GSS
0x0000000006130000 	/usr/lib/libresolv.9.dylib
0x0000000006130000 	/usr/lib/libiconv.2.dylib
0x0000000006130000 	/System/Library/PrivateFrameworks/Heimdal.framework/Versions/A/Heimdal
0x0000000006130000 	/System/Library/PrivateFrameworks/TrustEvaluationAgent.framework/Versions/A/TrustEvaluationAgent
0x0000000006130000 	/usr/lib/libheimdal-asn1.dylib
0x0000000006130000 	/System/Library/Frameworks/OpenDirectory.framework/Versions/A/OpenDirectory
0x0000000006130000 	/System/Library/PrivateFrameworks/CommonAuth.framework/Versions/A/CommonAuth
0x0000000006130000 	/System/Library/Frameworks/SecurityFoundation.framework/Versions/A/SecurityFoundation
0x0000000006130000 	/System/Library/PrivateFrameworks/Bom.framework/Versions/A/Bom
0x0000000006130000 	/System/Library/Frameworks/CoreVideo.framework/Versions/A/CoreVideo
0x0000000006130000 	/System/Library/Frameworks/QuartzCore.framework/Versions/A/Frameworks/CoreImage.framework/Versions/A/CoreImage
0x0000000006130000 	/System/Library/Frameworks/QuartzCore.framework/Versions/A/Frameworks/ScalableUserInterface.framework/Versions/A/ScalableUserInterface
0x0000000006130000 	/System/Library/Frameworks/OpenGL.framework/Versions/A/Libraries/libGLU.dylib
0x0000000006130000 	/System/Library/Frameworks/OpenGL.framework/Versions/A/Libraries/libGFXShared.dylib
0x0000000006130000 	/System/Library/Frameworks/OpenGL.framework/Versions/A/Libraries/libGL.dylib
0x0000000006130000 	/System/Library/Frameworks/OpenGL.framework/Versions/A/Libraries/libGLImage.dylib
0x0000000006130000 	/System/Library/Frameworks/OpenGL.framework/Versions/A/Libraries/libCVMSPluginSupport.dylib
0x0000000006130000 	/System/Library/Frameworks/OpenGL.framework/Versions/A/Libraries/libCoreVMClient.dylib
0x0000000006130000 	/System/Library/PrivateFrameworks/FaceCore.framework/Versions/A/FaceCore
0x0000000006130000 	/System/Library/PrivateFrameworks/CrashReporterSupport.framework/Versions/A/CrashReporterSupport
0x0000000006130000 	/System/Library/Frameworks/OpenCL.framework/Versions/A/OpenCL
0x0000000006130000 	/System/Library/PrivateFrameworks/AppleFSCompression.framework/Versions/A/AppleFSCompression
0x0000000006130000 	/System/Library/PrivateFrameworks/Ubiquity.framework/Versions/A/Ubiquity
0x0000000006130000 	/System/Library/PrivateFrameworks/IconServices.framework/Versions/A/IconServices
0x0000000006130000 	/System/Library/PrivateFrameworks/ChunkingLibrary.framework/Versions/A/ChunkingLibrary
0x0000000006130000 	/System/Library/PrivateFrameworks/CoreSymbolication.framework/Versions/A/CoreSymbolication
0x0000000006130000 	/System/Library/PrivateFrameworks/Symbolication.framework/Versions/A/Symbolication
0x0000000006130000 	/System/Library/PrivateFrameworks/DebugSymbols.framework/Versions/A/DebugSymbols
0x0000000109a3f000 	/Users/mallika/dev/jMonkeyPlatform.app/Contents/Resources/jmonkeyplatform/jdk/jre/lib/server/libjvm.dylib
0x0000000006130000 	/usr/lib/libstdc++.6.dylib
0x000000010a5ab000 	/Users/mallika/dev/jMonkeyPlatform.app/Contents/Resources/jmonkeyplatform/jdk/jre/lib/libverify.dylib
0x000000010a5b8000 	/Users/mallika/dev/jMonkeyPlatform.app/Contents/Resources/jmonkeyplatform/jdk/jre/lib/libjava.dylib
0x000000010a5f2000 	/Users/mallika/dev/jMonkeyPlatform.app/Contents/Resources/jmonkeyplatform/jdk/jre/lib/libzip.dylib
0x0000000113a26000 	/System/Library/Frameworks/JavaVM.framework/Frameworks/JavaRuntimeSupport.framework/JavaRuntimeSupport
0x0000000113a3e000 	/System/Library/Frameworks/JavaVM.framework/Versions/A/Frameworks/JavaNativeFoundation.framework/Versions/A/JavaNativeFoundation
0x0000000113a53000 	/System/Library/Frameworks/JavaVM.framework/Versions/A/JavaVM
0x0000000006130000 	/System/Library/Frameworks/Carbon.framework/Versions/A/Carbon
0x0000000113a60000 	/System/Library/PrivateFrameworks/JavaLaunching.framework/Versions/A/JavaLaunching
0x0000000006130000 	/System/Library/Frameworks/Carbon.framework/Versions/A/Frameworks/CommonPanels.framework/Versions/A/CommonPanels
0x0000000006130000 	/System/Library/Frameworks/Carbon.framework/Versions/A/Frameworks/Help.framework/Versions/A/Help
0x0000000006130000 	/System/Library/Frameworks/Carbon.framework/Versions/A/Frameworks/ImageCapture.framework/Versions/A/ImageCapture
0x0000000006130000 	/System/Library/Frameworks/Carbon.framework/Versions/A/Frameworks/OpenScripting.framework/Versions/A/OpenScripting
0x0000000006130000 	/System/Library/Frameworks/Carbon.framework/Versions/A/Frameworks/Print.framework/Versions/A/Print
0x0000000006130000 	/System/Library/Frameworks/Carbon.framework/Versions/A/Frameworks/SecurityHI.framework/Versions/A/SecurityHI
0x0000000114133000 	/Users/mallika/dev/jMonkeyPlatform.app/Contents/Resources/jmonkeyplatform/jdk/jre/lib/libawt.dylib
0x00000001141e2000 	/Users/mallika/dev/jMonkeyPlatform.app/Contents/Resources/jmonkeyplatform/jdk/jre/lib/./libmlib_image.dylib
0x00000001142ae000 	/Users/mallika/dev/jMonkeyPlatform.app/Contents/Resources/jmonkeyplatform/jdk/jre/lib/lwawt/liblwawt.dylib
0x0000000114362000 	/Users/mallika/dev/jMonkeyPlatform.app/Contents/Resources/jmonkeyplatform/jdk/jre/lib/libosxapp.dylib
0x0000000006130000 	/System/Library/Frameworks/ExceptionHandling.framework/Versions/A/ExceptionHandling
0x0000000006130000 	/System/Library/PrivateFrameworks/CoreServicesInternal.framework/Versions/A/CoreServicesInternal
0x0000000006130000 	/System/Library/PrivateFrameworks/Librarian.framework/Versions/A/Librarian
0x0000000006130000 	/System/Library/Frameworks/CoreGraphics.framework/Versions/A/Resources/libCGCMS.A.dylib
0x0000000006130000 	/System/Library/Frameworks/CoreGraphics.framework/Versions/A/Resources/libRIP.A.dylib
0x0000000006130000 	/System/Library/Frameworks/CoreGraphics.framework/Versions/A/Resources/libCGXType.A.dylib
0x0000000006130000 	/System/Library/PrivateFrameworks/FamilyControls.framework/Versions/A/FamilyControls
0x0000000006130000 	/System/Library/PrivateFrameworks/CommerceKit.framework/Versions/A/Frameworks/CommerceCore.framework/Versions/A/CommerceCore
0x0000000006130000 	/System/Library/PrivateFrameworks/SystemAdministration.framework/Versions/A/SystemAdministration
0x0000000006130000 	/System/Library/Frameworks/DirectoryService.framework/Versions/A/DirectoryService
0x0000000006130000 	/System/Library/PrivateFrameworks/DiskImages.framework/Versions/A/DiskImages
0x0000000006130000 	/System/Library/PrivateFrameworks/LoginUIKit.framework/Versions/A/Frameworks/LoginUICore.framework/Versions/A/LoginUICore
0x0000000006130000 	/usr/lib/libCoreStorage.dylib
0x0000000006130000 	/usr/lib/libcsfde.dylib
0x0000000006130000 	/usr/lib/libodfde.dylib
0x0000000006130000 	/System/Library/Frameworks/DiscRecording.framework/Versions/A/DiscRecording
0x0000000006130000 	/usr/lib/libcurl.4.dylib
0x0000000006130000 	/System/Library/PrivateFrameworks/MediaKit.framework/Versions/A/MediaKit
0x0000000006130000 	/System/Library/PrivateFrameworks/EFILogin.framework/Versions/A/EFILogin
0x0000000006130000 	/usr/lib/libutil.dylib
0x0000000006130000 	/System/Library/PrivateFrameworks/AOSNotification.framework/Versions/A/AOSNotification
0x0000000006130000 	/System/Library/Frameworks/LDAP.framework/Versions/A/LDAP
0x0000000006130000 	/usr/lib/libsasl2.2.dylib
0x0000000006130000 	/usr/lib/libcrypto.0.9.8.dylib
0x0000000006130000 	/usr/lib/libssl.0.9.8.dylib
0x00000001183a1000 	/Users/mallika/dev/jMonkeyPlatform.app/Contents/Resources/jmonkeyplatform/jdk/jre/lib/libfontmanager.dylib
0x0000000006130000 	/System/Library/Frameworks/OpenGL.framework/Versions/A/Resources/GLEngine.bundle/GLEngine
0x0000000006130000 	/System/Library/Frameworks/OpenGL.framework/Versions/A/Libraries/libGLProgrammability.dylib
0x0000000000000000 	/System/Library/Extensions/GeForceTeslaGLDriver.bundle/Contents/MacOS/GeForceTeslaGLDriver
0x000000011860e000 	/System/Library/Extensions/GeForceTeslaGLDriver.bundle/Contents/MacOS/libclh.dylib
0x0000000115c6f000 	/System/Library/PrivateFrameworks/GPUSupport.framework/Versions/A/Libraries/libGPUSupport.dylib
0x0000000006130000 	/System/Library/Frameworks/OpenGL.framework/Versions/A/Resources/GLRendererFloat.bundle/GLRendererFloat
0x0000000006130000 	/System/Library/Frameworks/OpenCL.framework/Versions/A/Libraries/libcldcpuengine.dylib
0x0000000116a5d000 	/Users/mallika/dev/jMonkeyPlatform.app/Contents/Resources/jmonkeyplatform/jdk/jre/lib/libosxui.dylib
0x0000000118ebd000 	/Users/mallika/dev/jMonkeyPlatform.app/Contents/Resources/jmonkeyplatform/jdk/jre/lib/libosx.dylib
0x000000011ab0f000 	/Users/mallika/dev/jMonkeyPlatform.app/Contents/Resources/jmonkeyplatform/jdk/jre/lib/libnet.dylib
0x000000011ad07000 	/Users/mallika/dev/jMonkeyPlatform.app/Contents/Resources/jmonkeyplatform/jdk/jre/lib/libnio.dylib
0x0000000119833000 	/Users/mallika/dev/CMPE_202_Project/cmpe202-project/liblwjgl.dylib
0x0000000118ed0000 	/Users/mallika/dev/jMonkeyPlatform.app/Contents/Resources/jmonkeyplatform/jdk/jre/lib/libjawt.dylib
0x000000011b5c6000 	/Users/mallika/dev/CMPE_202_Project/cmpe202-project/openal.dylib
0x0000000120656000 	/System/Library/Components/CoreAudio.component/Contents/MacOS/CoreAudio
0x0000000119ca4000 	/System/Library/Extensions/AppleHDA.kext/Contents/PlugIns/AppleHDAHALPlugIn.bundle/Contents/MacOS/AppleHDAHALPlugIn

VM Arguments:
jvm_args: -Dfile.encoding=UTF-8 
java_command: mygame.Main
Launcher Type: SUN_STANDARD

Environment Variables:
PATH=/usr/bin:/bin:/usr/sbin:/sbin
LD_LIBRARY_PATH=/Users/mallika/dev/jMonkeyPlatform.app/Contents/MacOS/../Resources/jmonkeyplatform/bin/../jdk/jre/lib/amd64:/Users/mallika/dev/jMonkeyPlatform.app/Contents/MacOS/../Resources/jmonkeyplatform/bin/../jdk/jre/lib/i386:
SHELL=/bin/bash

Signal Handlers:
SIGSEGV: [libjvm.dylib+0x525425], sa_mask[0]=0xfffefeff, sa_flags=0x00000043
SIGBUS: [libjvm.dylib+0x525425], sa_mask[0]=0xfffefeff, sa_flags=0x00000042
SIGFPE: [libjvm.dylib+0x41892a], sa_mask[0]=0xfffefeff, sa_flags=0x00000042
SIGPIPE: [libjvm.dylib+0x41892a], sa_mask[0]=0xfffefeff, sa_flags=0x00000042
SIGXFSZ: [libjvm.dylib+0x41892a], sa_mask[0]=0xfffefeff, sa_flags=0x00000042
SIGILL: [libjvm.dylib+0x41892a], sa_mask[0]=0xfffefeff, sa_flags=0x00000042
SIGUSR1: SIG_DFL, sa_mask[0]=0x00000000, sa_flags=0x00000002
SIGUSR2: [libjvm.dylib+0x41841c], sa_mask[0]=0x00000004, sa_flags=0x00000042
SIGHUP: [libjvm.dylib+0x4166ab], sa_mask[0]=0xfffefeff, sa_flags=0x00000042
SIGINT: SIG_IGN, sa_mask[0]=0x00000000, sa_flags=0x00000000
SIGTERM: [libjvm.dylib+0x4166ab], sa_mask[0]=0xfffefeff, sa_flags=0x00000042
SIGQUIT: [libjvm.dylib+0x4166ab], sa_mask[0]=0xfffefeff, sa_flags=0x00000042


---------------  S Y S T E M  ---------------

OS:Bsduname:Darwin 13.1.0 Darwin Kernel Version 13.1.0: Wed Apr  2 23:52:02 PDT 2014; root:xnu-2422.92.1~2/RELEASE_X86_64 x86_64
rlimit: STACK 8192k, CORE 0k, NPROC 709, NOFILE 10240, AS infinity
load average:1.92 1.85 1.92

CPU:total 2 (2 cores per cpu, 1 threads per core) family 6 model 23 stepping 10, cmov, cx8, fxsr, mmx, sse, sse2, sse3, ssse3, sse4.1, tsc

Memory: 4k page, physical 8388608k(2097152k free)

/proc/meminfo:


vm_info: Java HotSpot(TM) 64-Bit Server VM (24.51-b03) for bsd-amd64 JRE (1.7.0_51-b13), built on Dec 18 2013 18:45:56 by "java_re" with gcc 4.2.1 (Based on Apple Inc. build 5658) (LLVM build 2336.11.00)

time: Mon Nov 24 15:10:05 2014
elapsed time: 4 seconds

