#
# A fatal error has been detected by the Java Runtime Environment:
#
#  SIGSEGV (0xb) at pc=0x00007fff8d85062a, pid=33895, tid=73223
#
# JRE version: Java(TM) SE Runtime Environment (7.0_51-b13) (build 1.7.0_51-b13)
# Java VM: Java HotSpot(TM) 64-Bit Server VM (24.51-b03 mixed mode bsd-amd64 compressed oops)
# Problematic frame:
# C  [libobjc.A.dylib+0x762a]  _ZN12_GLOBAL__N_119AutoreleasePoolPage3popEPv+0x1c6
#
# Failed to write core dump. Core dumps have been disabled. To enable core dumping, try "ulimit -c unlimited" before starting Java again
#
# If you would like to submit a bug report, please visit:
#   http://bugreport.sun.com/bugreport/crash.jsp
# The crash happened outside the Java Virtual Machine in native code.
# See problematic frame for where to report the bug.
#

---------------  T H R E A D  ---------------

Current thread (0x00007fa49ba18800):  JavaThread "LWJGL Renderer Thread" [_thread_in_native, id=73223, stack(0x0000000121c09000,0x0000000121d09000)]

siginfo:si_signo=SIGSEGV: si_errno=0, si_code=1 (SEGV_MAPERR), si_addr=0x0000000000000010

Registers:
RAX=0x00007fa49bd6a038, RBX=0xa3a3a3a3a3a3a3a3, RCX=0x00007fa49bd6a038, RDX=0x00000000a1a1a1a1
RSP=0x0000000121d08200, RBP=0x0000000121d08650, RSI=0x0000000000000000, RDI=0x00007fa49ba66038
R8 =0x00007fa49d9c8e70, R9 =0x00007fa49b405080, R10=0x00007fa49b532100, R11=0x00007fff76255db8
R12=0x0000000000000000, R13=0x000000077baaa450, R14=0x00007fa49ba66038, R15=0x00007fa49ba66000
RIP=0x00007fff8d85062a, EFLAGS=0x0000000000010246, ERR=0x0000000000000004
  TRAPNO=0x000000000000000e

Top of Stack: (sp=0x0000000121d08200)
0x0000000121d08200:   0000000121d08240 00007fff8c65c8f3
0x0000000121d08210:   0000000000000018 00007fa49ba66038
0x0000000121d08220:   000e6e00000e6e00 00007fa49b50be30
0x0000000121d08230:   0000000121d08260 00007fa49b50be40
0x0000000121d08240:   0000000121d08390 00007fff9141d34c
0x0000000121d08250:   0000000000000000 0000000000000a00
0x0000000121d08260:   0000001800000013 0000000000001103
0x0000000121d08270:   000000009ba18800 000000010b60045f
0x0000000121d08280:   0000000000000a00 0000000000000030
0x0000000121d08290:   0000000000012068 00007fa49b43d4b0
0x0000000121d082a0:   0000000000012068 0000000121d0835c
0x0000000121d082b0:   0000000121d08340 00007fff8c65c4a9
0x0000000121d082c0:   0000000121d08350 0000000121d08364
0x0000000121d082d0:   0000000121d08360 0000000000000000
0x0000000121d082e0:   0000000121d0835c 00007fa49b43d4cc
0x0000000121d082f0:   0000000000226bf7 000001009b43d584
0x0000000121d08300:   00007fa49b43d4c8 00012068003c9b9f
0x0000000121d08310:   0000000000226bf7 0000000000000001
0x0000000121d08320:   0000000000000001 0000000000000008
0x0000000121d08330:   00007fa49b43d4b0 0000000000000000
0x0000000121d08340:   0000000121d08380 00007fff8c65c8f3
0x0000000121d08350:   0000000121d08390 0001206800000001
0x0000000121d08360:   0000000000000000 00007fa49d9c8e80
0x0000000121d08370:   0000000000000000 0000000000000000
0x0000000121d08380:   0000000121d08400 00007fff8c65c6ea
0x0000000121d08390:   0000000121d08490 0000000121d08480
0x0000000121d083a0:   0000000121d0848c 00007fa49d9c8e9c
0x0000000121d083b0:   00007fa49d9c8e80 0000000000000200
0x0000000121d083c0:   00007fa49d9c8e98 000000000050adf0
0x0000000121d083d0:   000000010a545400 00007fa49d9cbdd0
0x0000000121d083e0:   0000000020000000 00007fa49d900000
0x0000000121d083f0:   00007fa49d9cbda0 000000010a545400 

Instructions: (pc=0x00007fff8d85062a)
0x00007fff8d85060a:   48 8b 76 20 48 85 f6 74 0e 8b 16 81 fa a1 a1 a1
0x00007fff8d85061a:   a1 0f 85 15 01 00 00 65 48 89 34 25 80 01 00 00
0x00007fff8d85062a:   48 8b 46 10 48 8d 4e 38 48 39 c8 74 d3 48 83 c6
0x00007fff8d85063a:   10 eb 04 48 8d 76 10 48 8d 48 f8 48 89 0e 48 8b 

Register to memory mapping:

RAX=0x00007fa49bd6a038 is an unknown value
RBX=0xa3a3a3a3a3a3a3a3 is an unknown value
RCX=0x00007fa49bd6a038 is an unknown value
RDX=0x00000000a1a1a1a1 is an unknown value
RSP=0x0000000121d08200 is pointing into the stack for thread: 0x00007fa49ba18800
RBP=0x0000000121d08650 is pointing into the stack for thread: 0x00007fa49ba18800
RSI=0x0000000000000000 is an unknown value
RDI=0x00007fa49ba66038 is an unknown value
R8 =0x00007fa49d9c8e70 is an unknown value
R9 =0x00007fa49b405080 is an unknown value
R10=0x00007fa49b532100 is an unknown value
R11=0x00007fff76255db8: OBJC_CLASS_$_NSAutoreleasePool+0 in /System/Library/Frameworks/Foundation.framework/Versions/C/Foundation at 0x00007fff86641000
R12=0x0000000000000000 is an unknown value
R13=0x000000077baaa450 is an oop
{method} 
 - klass: {other class}
R14=0x00007fa49ba66038 is an unknown value
R15=0x00007fa49ba66000 is an unknown value


Stack: [0x0000000121c09000,0x0000000121d09000],  sp=0x0000000121d08200,  free space=1020k
Native frames: (J=compiled Java code, j=interpreted, Vv=VM code, C=native code)
C  [libobjc.A.dylib+0x762a]  _ZN12_GLOBAL__N_119AutoreleasePoolPage3popEPv+0x1c6
C  [CoreFoundation+0x389e2]  _CFAutoreleasePoolPop+0x32
C  [Foundation+0x1ae17]  -[NSAutoreleasePool drain]+0x93
j  org.lwjgl.opengl.MacOSXDisplay.nDestroyWindow(Ljava/nio/ByteBuffer;)V+0
j  org.lwjgl.opengl.MacOSXDisplay.destroyWindow()V+43
j  org.lwjgl.opengl.Display.destroyWindow()V+46
j  org.lwjgl.opengl.Display.setDisplayMode(Lorg/lwjgl/opengl/DisplayMode;)V+34
j  com.jme3.system.lwjgl.LwjglDisplay.createContext(Lcom/jme3/system/AppSettings;)V+270
j  com.jme3.system.lwjgl.LwjglAbstractDisplay.initInThread()Z+25
j  com.jme3.system.lwjgl.LwjglAbstractDisplay.run()V+32
j  java.lang.Thread.run()V+11
v  ~StubRoutines::call_stub
V  [libjvm.dylib+0x2d6bb0]
V  [libjvm.dylib+0x2d70c7]
V  [libjvm.dylib+0x2d7204]
V  [libjvm.dylib+0x3261ea]
V  [libjvm.dylib+0x4efb57]
V  [libjvm.dylib+0x4f125f]
V  [libjvm.dylib+0x41b1d6]
C  [libsystem_pthread.dylib+0x1899]  _pthread_body+0x8a
C  [libsystem_pthread.dylib+0x172a]  _pthread_struct_init+0x0
C  [libsystem_pthread.dylib+0x5fc9]  thread_start+0xd

Java frames: (J=compiled Java code, j=interpreted, Vv=VM code)
j  org.lwjgl.opengl.MacOSXDisplay.nDestroyWindow(Ljava/nio/ByteBuffer;)V+0
j  org.lwjgl.opengl.MacOSXDisplay.destroyWindow()V+43
j  org.lwjgl.opengl.Display.destroyWindow()V+46
j  org.lwjgl.opengl.Display.setDisplayMode(Lorg/lwjgl/opengl/DisplayMode;)V+34
j  com.jme3.system.lwjgl.LwjglDisplay.createContext(Lcom/jme3/system/AppSettings;)V+270
j  com.jme3.system.lwjgl.LwjglAbstractDisplay.initInThread()Z+25
j  com.jme3.system.lwjgl.LwjglAbstractDisplay.run()V+32
j  java.lang.Thread.run()V+11
v  ~StubRoutines::call_stub

---------------  P R O C E S S  ---------------

Java Threads: ( => current thread )
  0x00007fa49c490000 JavaThread "DestroyJavaVM" [_thread_blocked, id=6915, stack(0x000000010b090000,0x000000010b190000)]
=>0x00007fa49ba18800 JavaThread "LWJGL Renderer Thread" [_thread_in_native, id=73223, stack(0x0000000121c09000,0x0000000121d09000)]
  0x00007fa49c26d800 JavaThread "jME3 Audio Thread" daemon [_thread_blocked, id=51215, stack(0x0000000120f03000,0x0000000121003000)]
  0x00007fa49c2f5800 JavaThread "LWJGL Renderer Thread" [_thread_in_Java, id=52487, stack(0x000000011f539000,0x000000011f639000)]
  0x00007fa49bcc4000 JavaThread "TimerQueue" daemon [_thread_blocked, id=53827, stack(0x000000011f674000,0x000000011f774000)]
  0x00007fa49c1a5800 JavaThread "Image Fetcher 0" daemon [_thread_blocked, id=49419, stack(0x000000011a0bb000,0x000000011a1bb000)]
  0x00007fa49c194800 JavaThread "Timer-0" daemon [_thread_blocked, id=48643, stack(0x0000000119fb8000,0x000000011a0b8000)]
  0x00007fa49ba01000 JavaThread "Java2D Disposer" daemon [_thread_blocked, id=48131, stack(0x0000000119eb5000,0x0000000119fb5000)]
  0x00007fa49c106000 JavaThread "Java2D Queue Flusher" daemon [_thread_blocked, id=45831, stack(0x0000000119070000,0x0000000119170000)]
  0x00007fa49b953000 JavaThread "AWT-EventQueue-0" [_thread_in_native, id=45319, stack(0x0000000118f6d000,0x000000011906d000)]
  0x00007fa49c0d2000 JavaThread "AWT-Shutdown" [_thread_blocked, id=27403, stack(0x00000001166a8000,0x00000001167a8000)]
  0x00007fa49c0d0800 JavaThread "AppKit Thread" daemon [_thread_in_native, id=1287, stack(0x00007fff55658000,0x00007fff556d8000)]
  0x00007fa49b837000 JavaThread "Service Thread" daemon [_thread_blocked, id=18691, stack(0x0000000114ae7000,0x0000000114be7000)]
  0x00007fa49c041000 JavaThread "C2 CompilerThread1" daemon [_thread_blocked, id=18179, stack(0x00000001149e4000,0x0000000114ae4000)]
  0x00007fa49b83a000 JavaThread "C2 CompilerThread0" daemon [_thread_blocked, id=17667, stack(0x00000001148e1000,0x00000001149e1000)]
  0x00007fa49b839000 JavaThread "Signal Dispatcher" daemon [_thread_blocked, id=17155, stack(0x00000001147de000,0x00000001148de000)]
  0x00007fa49c032800 JavaThread "Finalizer" daemon [_thread_blocked, id=12035, stack(0x0000000114524000,0x0000000114624000)]
  0x00007fa49b830800 JavaThread "Reference Handler" daemon [_thread_blocked, id=11523, stack(0x0000000114421000,0x0000000114521000)]

Other Threads:
  0x00007fa49c030000 VMThread [stack: 0x000000011431e000,0x000000011441e000] [id=11011]
  0x00007fa49c042000 WatcherThread [stack: 0x0000000114bea000,0x0000000114cea000] [id=19203]

VM state:not at safepoint (normal execution)

VM Mutex/Monitor currently owned by a thread: None

Heap
 PSYoungGen      total 38912K, used 12314K [0x00000007d5500000, 0x00000007d8000000, 0x0000000800000000)
  eden space 33792K, 21% used [0x00000007d5500000,0x00000007d5c0bf58,0x00000007d7600000)
  from space 5120K, 99% used [0x00000007d7600000,0x00000007d7afaa10,0x00000007d7b00000)
  to   space 5120K, 0% used [0x00000007d7b00000,0x00000007d7b00000,0x00000007d8000000)
 ParOldGen       total 87040K, used 6980K [0x0000000780000000, 0x0000000785500000, 0x00000007d5500000)
  object space 87040K, 8% used [0x0000000780000000,0x00000007806d11f0,0x0000000785500000)
 PSPermGen       total 21504K, used 16285K [0x000000077ae00000, 0x000000077c300000, 0x0000000780000000)
  object space 21504K, 75% used [0x000000077ae00000,0x000000077bde7660,0x000000077c300000)

Card table byte_map: [0x000000010e6c0000,0x000000010eaea000] byte_map_base: 0x000000010aae9000

Polling page: 0x000000010b1cf000

Code Cache  [0x000000010b600000, 0x000000010b870000, 0x000000010e600000)
 total_blobs=649 nmethods=96 adapters=507 free_code_cache=48372Kb largest_free_block=49498368

Compilation events (10 events):
Event: 4.920 Thread 0x00007fa49b83a000 nmethod 92 0x000000010b6bb150 code [0x000000010b6bb280, 0x000000010b6bb2d8]
Event: 4.922 Thread 0x00007fa49c041000 nmethod 91 0x000000010b6c1950 code [0x000000010b6c1a80, 0x000000010b6c1c78]
Event: 4.979 Thread 0x00007fa49b83a000   93             java.util.concurrent.atomic.AtomicInteger::get (5 bytes)
Event: 4.980 Thread 0x00007fa49b83a000 nmethod 93 0x000000010b6bae90 code [0x000000010b6bafc0, 0x000000010b6bb018]
Event: 5.003 Thread 0x00007fa49b83a000   94             java.util.zip.InflaterInputStream::ensureOpen (18 bytes)
Event: 5.003 Thread 0x00007fa49b83a000 nmethod 94 0x000000010b6c1710 code [0x000000010b6c1840, 0x000000010b6c18b8]
Event: 5.011 Thread 0x00007fa49b83a000   95             com.sun.imageio.plugins.png.PNGImageReader::decodePaethFilter (143 bytes)
Event: 5.021 Thread 0x00007fa49b83a000 nmethod 95 0x000000010b6c1150 code [0x000000010b6c1280, 0x000000010b6c1618]
Event: 5.021 Thread 0x00007fa49b83a000   96 %           com.sun.imageio.plugins.png.PNGImageReader::decodePaethFilter @ 56 (143 bytes)
Event: 5.035 Thread 0x00007fa49b83a000 nmethod 96% 0x000000010b6bd1d0 code [0x000000010b6bd320, 0x000000010b6bd9d8]

GC Heap History (2 events):
Event: 4.927 GC heap before
{Heap before GC invocations=1 (full 0):
 PSYoungGen      total 38912K, used 33792K [0x00000007d5500000, 0x00000007d8000000, 0x0000000800000000)
  eden space 33792K, 100% used [0x00000007d5500000,0x00000007d7600000,0x00000007d7600000)
  from space 5120K, 0% used [0x00000007d7b00000,0x00000007d7b00000,0x00000007d8000000)
  to   space 5120K, 0% used [0x00000007d7600000,0x00000007d7600000,0x00000007d7b00000)
 ParOldGen       total 87040K, used 0K [0x0000000780000000, 0x0000000785500000, 0x00000007d5500000)
  object space 87040K, 0% used [0x0000000780000000,0x0000000780000000,0x0000000785500000)
 PSPermGen       total 21504K, used 16267K [0x000000077ae00000, 0x000000077c300000, 0x0000000780000000)
  object space 21504K, 75% used [0x000000077ae00000,0x000000077bde2cb0,0x000000077c300000)
Event: 4.957 GC heap after
Heap after GC invocations=1 (full 0):
 PSYoungGen      total 38912K, used 5098K [0x00000007d5500000, 0x00000007d8000000, 0x0000000800000000)
  eden space 33792K, 0% used [0x00000007d5500000,0x00000007d5500000,0x00000007d7600000)
  from space 5120K, 99% used [0x00000007d7600000,0x00000007d7afaa10,0x00000007d7b00000)
  to   space 5120K, 0% used [0x00000007d7b00000,0x00000007d7b00000,0x00000007d8000000)
 ParOldGen       total 87040K, used 6980K [0x0000000780000000, 0x0000000785500000, 0x00000007d5500000)
  object space 87040K, 8% used [0x0000000780000000,0x00000007806d11f0,0x0000000785500000)
 PSPermGen       total 21504K, used 16267K [0x000000077ae00000, 0x000000077c300000, 0x0000000780000000)
  object space 21504K, 75% used [0x000000077ae00000,0x000000077bde2cb0,0x000000077c300000)
}

Deoptimization events (5 events):
Event: 5.060 Thread 0x00007fa49c2f5800 Uncommon trap: reason=class_check action=maybe_recompile pc=0x000000010b6b2bf4 method=java.util.regex.Pattern$Curly.match0(Ljava/util/regex/Matcher;IILjava/lang/CharSequence;)Z @ 31
Event: 5.060 Thread 0x00007fa49c2f5800 Uncommon trap: reason=class_check action=maybe_recompile pc=0x000000010b6b2bf4 method=java.util.regex.Pattern$Curly.match0(Ljava/util/regex/Matcher;IILjava/lang/CharSequence;)Z @ 31
Event: 5.060 Thread 0x00007fa49c2f5800 Uncommon trap: reason=class_check action=maybe_recompile pc=0x000000010b6b2bf4 method=java.util.regex.Pattern$Curly.match0(Ljava/util/regex/Matcher;IILjava/lang/CharSequence;)Z @ 31
Event: 5.060 Thread 0x00007fa49c2f5800 Uncommon trap: reason=class_check action=maybe_recompile pc=0x000000010b6b2bf4 method=java.util.regex.Pattern$Curly.match0(Ljava/util/regex/Matcher;IILjava/lang/CharSequence;)Z @ 31
Event: 5.060 Thread 0x00007fa49c2f5800 Uncommon trap: reason=class_check action=maybe_recompile pc=0x000000010b6b804c method=java.util.regex.Pattern$Curly.match0(Ljava/util/regex/Matcher;IILjava/lang/CharSequence;)Z @ 31

Internal exceptions (10 events):
Event: 4.769 Thread 0x00007fa49c2f5800 Threw 0x00000007d6fdafa8 at /HUDSON/workspace/7u-2-build-macosx-x86_64/jdk7u51/527/hotspot/src/share/vm/prims/jvm.cpp:1244
Event: 4.769 Thread 0x00007fa49c2f5800 Threw 0x00000007d6fde918 at /HUDSON/workspace/7u-2-build-macosx-x86_64/jdk7u51/527/hotspot/src/share/vm/prims/jvm.cpp:1244
Event: 4.771 Thread 0x00007fa49c2f5800 Threw 0x00000007d6fe21a0 at /HUDSON/workspace/7u-2-build-macosx-x86_64/jdk7u51/527/hotspot/src/share/vm/prims/jvm.cpp:1244
Event: 4.779 Thread 0x00007fa49c2f5800 Threw 0x00000007d6fed058 at /HUDSON/workspace/7u-2-build-macosx-x86_64/jdk7u51/527/hotspot/src/share/vm/prims/jvm.cpp:1244
Event: 4.784 Thread 0x00007fa49c2f5800 Threw 0x00000007d6ff32f0 at /HUDSON/workspace/7u-2-build-macosx-x86_64/jdk7u51/527/hotspot/src/share/vm/prims/jvm.cpp:1244
Event: 4.789 Thread 0x00007fa49c2f5800 Threw 0x00000007d6ffe100 at /HUDSON/workspace/7u-2-build-macosx-x86_64/jdk7u51/527/hotspot/src/share/vm/prims/jvm.cpp:1244
Event: 5.051 Thread 0x00007fa49c2f5800 Threw 0x00000007d5a3ec58 at /HUDSON/workspace/7u-2-build-macosx-x86_64/jdk7u51/527/hotspot/src/share/vm/prims/jvm.cpp:1244
Event: 5.052 Thread 0x00007fa49c2f5800 Threw 0x00000007d5a43ee0 at /HUDSON/workspace/7u-2-build-macosx-x86_64/jdk7u51/527/hotspot/src/share/vm/prims/jvm.cpp:1244
Event: 5.054 Thread 0x00007fa49c2f5800 Threw 0x00000007d5a48720 at /HUDSON/workspace/7u-2-build-macosx-x86_64/jdk7u51/527/hotspot/src/share/vm/prims/jvm.cpp:1244
Event: 5.055 Thread 0x00007fa49c2f5800 Threw 0x00000007d5a4d450 at /HUDSON/workspace/7u-2-build-macosx-x86_64/jdk7u51/527/hotspot/src/share/vm/prims/jvm.cpp:1244

Events (10 events):
Event: 5.060 Thread 0x00007fa49c2f5800 DEOPT UNPACKING pc=0x000000010b639045 sp=0x000000011f638110 mode 2
Event: 5.060 Thread 0x00007fa49c2f5800 Uncommon trap: trap_request=0xffffffde fr.pc=0x000000010b6b2bf4
Event: 5.060 Thread 0x00007fa49c2f5800 DEOPT PACKING pc=0x000000010b6b2bf4 sp=0x000000011f6381d0
Event: 5.060 Thread 0x00007fa49c2f5800 DEOPT UNPACKING pc=0x000000010b639045 sp=0x000000011f638110 mode 2
Event: 5.060 Thread 0x00007fa49c2f5800 Uncommon trap: trap_request=0xffffffde fr.pc=0x000000010b6b2bf4
Event: 5.060 Thread 0x00007fa49c2f5800 DEOPT PACKING pc=0x000000010b6b2bf4 sp=0x000000011f6381d0
Event: 5.060 Thread 0x00007fa49c2f5800 DEOPT UNPACKING pc=0x000000010b639045 sp=0x000000011f638110 mode 2
Event: 5.060 Thread 0x00007fa49c2f5800 Uncommon trap: trap_request=0xffffffde fr.pc=0x000000010b6b804c
Event: 5.060 Thread 0x00007fa49c2f5800 DEOPT PACKING pc=0x000000010b6b804c sp=0x000000011f638120
Event: 5.060 Thread 0x00007fa49c2f5800 DEOPT UNPACKING pc=0x000000010b639045 sp=0x000000011f638100 mode 2


Dynamic libraries:
0x0000000006130000 	/System/Library/Frameworks/Cocoa.framework/Versions/A/Cocoa
0x0000000006130000 	/System/Library/Frameworks/Security.framework/Versions/A/Security
0x0000000006130000 	/System/Library/Frameworks/ApplicationServices.framework/Versions/A/ApplicationServices
0x0000000006130000 	/usr/lib/libz.1.dylib
0x0000000006130000 	/usr/lib/libSystem.B.dylib
0x0000000006130000 	/usr/lib/libobjc.A.dylib
0x0000000006130000 	/System/Library/Frameworks/CoreFoundation.framework/Versions/A/CoreFoundation
0x0000000006130000 	/System/Library/Frameworks/Foundation.framework/Versions/C/Foundation
0x0000000006130000 	/System/Library/Frameworks/AppKit.framework/Versions/C/AppKit
0x0000000006130000 	/System/Library/Frameworks/CoreData.framework/Versions/A/CoreData
0x0000000006130000 	/System/Library/PrivateFrameworks/RemoteViewServices.framework/Versions/A/RemoteViewServices
0x0000000006130000 	/System/Library/Frameworks/AudioToolbox.framework/Versions/A/AudioToolbox
0x0000000006130000 	/System/Library/Frameworks/AudioUnit.framework/Versions/A/AudioUnit
0x0000000006130000 	/System/Library/PrivateFrameworks/DataDetectorsCore.framework/Versions/A/DataDetectorsCore
0x0000000006130000 	/System/Library/PrivateFrameworks/DesktopServicesPriv.framework/Versions/A/DesktopServicesPriv
0x0000000006130000 	/System/Library/Frameworks/Carbon.framework/Versions/A/Frameworks/HIToolbox.framework/Versions/A/HIToolbox
0x0000000006130000 	/System/Library/Frameworks/QuartzCore.framework/Versions/A/QuartzCore
0x0000000006130000 	/System/Library/Frameworks/Carbon.framework/Versions/A/Frameworks/SpeechRecognition.framework/Versions/A/SpeechRecognition
0x0000000006130000 	/usr/lib/libauto.dylib
0x0000000006130000 	/usr/lib/libicucore.A.dylib
0x0000000006130000 	/usr/lib/libxml2.2.dylib
0x0000000006130000 	/System/Library/PrivateFrameworks/CoreUI.framework/Versions/A/CoreUI
0x0000000006130000 	/System/Library/Frameworks/CoreAudio.framework/Versions/A/CoreAudio
0x0000000006130000 	/System/Library/Frameworks/DiskArbitration.framework/Versions/A/DiskArbitration
0x0000000006130000 	/usr/lib/liblangid.dylib
0x0000000006130000 	/System/Library/PrivateFrameworks/MultitouchSupport.framework/Versions/A/MultitouchSupport
0x0000000006130000 	/System/Library/Frameworks/IOKit.framework/Versions/A/IOKit
0x0000000006130000 	/usr/lib/libDiagnosticMessagesClient.dylib
0x0000000006130000 	/System/Library/Frameworks/CoreServices.framework/Versions/A/CoreServices
0x0000000006130000 	/System/Library/PrivateFrameworks/PerformanceAnalysis.framework/Versions/A/PerformanceAnalysis
0x0000000006130000 	/System/Library/PrivateFrameworks/GenerationalStorage.framework/Versions/A/GenerationalStorage
0x0000000006130000 	/System/Library/Frameworks/OpenGL.framework/Versions/A/OpenGL
0x0000000006130000 	/System/Library/PrivateFrameworks/Sharing.framework/Versions/A/Sharing
0x0000000006130000 	/System/Library/Frameworks/ImageIO.framework/Versions/A/ImageIO
0x0000000006130000 	/System/Library/Frameworks/CoreText.framework/Versions/A/CoreText
0x0000000006130000 	/System/Library/Frameworks/CoreGraphics.framework/Versions/A/CoreGraphics
0x0000000006130000 	/System/Library/PrivateFrameworks/Backup.framework/Versions/A/Backup
0x0000000006130000 	/System/Library/Frameworks/CFNetwork.framework/Versions/A/CFNetwork
0x0000000006130000 	/System/Library/Frameworks/SystemConfiguration.framework/Versions/A/SystemConfiguration
0x0000000006130000 	/usr/lib/libCRFSuite.dylib
0x0000000006130000 	/usr/lib/libc++.1.dylib
0x0000000006130000 	/usr/lib/libc++abi.dylib
0x0000000006130000 	/usr/lib/system/libcache.dylib
0x0000000006130000 	/usr/lib/system/libcommonCrypto.dylib
0x0000000006130000 	/usr/lib/system/libcompiler_rt.dylib
0x0000000006130000 	/usr/lib/system/libcopyfile.dylib
0x0000000006130000 	/usr/lib/system/libcorecrypto.dylib
0x0000000006130000 	/usr/lib/system/libdispatch.dylib
0x0000000006130000 	/usr/lib/system/libdyld.dylib
0x0000000006130000 	/usr/lib/system/libkeymgr.dylib
0x0000000006130000 	/usr/lib/system/liblaunch.dylib
0x0000000006130000 	/usr/lib/system/libmacho.dylib
0x0000000006130000 	/usr/lib/system/libquarantine.dylib
0x0000000006130000 	/usr/lib/system/libremovefile.dylib
0x0000000006130000 	/usr/lib/system/libsystem_asl.dylib
0x0000000006130000 	/usr/lib/system/libsystem_blocks.dylib
0x0000000006130000 	/usr/lib/system/libsystem_c.dylib
0x0000000006130000 	/usr/lib/system/libsystem_configuration.dylib
0x0000000006130000 	/usr/lib/system/libsystem_dnssd.dylib
0x0000000006130000 	/usr/lib/system/libsystem_info.dylib
0x0000000006130000 	/usr/lib/system/libsystem_kernel.dylib
0x0000000006130000 	/usr/lib/system/libsystem_m.dylib
0x0000000006130000 	/usr/lib/system/libsystem_malloc.dylib
0x0000000006130000 	/usr/lib/system/libsystem_network.dylib
0x0000000006130000 	/usr/lib/system/libsystem_notify.dylib
0x0000000006130000 	/usr/lib/system/libsystem_platform.dylib
0x0000000006130000 	/usr/lib/system/libsystem_pthread.dylib
0x0000000006130000 	/usr/lib/system/libsystem_sandbox.dylib
0x0000000006130000 	/usr/lib/system/libsystem_stats.dylib
0x0000000006130000 	/usr/lib/system/libunc.dylib
0x0000000006130000 	/usr/lib/system/libunwind.dylib
0x0000000006130000 	/usr/lib/system/libxpc.dylib
0x0000000006130000 	/usr/lib/libbsm.0.dylib
0x0000000006130000 	/usr/lib/libsqlite3.dylib
0x0000000006130000 	/usr/lib/libxar.1.dylib
0x0000000006130000 	/usr/lib/libpam.2.dylib
0x0000000006130000 	/usr/lib/libOpenScriptingUtil.dylib
0x0000000006130000 	/usr/lib/libbz2.1.0.dylib
0x0000000006130000 	/System/Library/Frameworks/CoreServices.framework/Versions/A/Frameworks/CarbonCore.framework/Versions/A/CarbonCore
0x0000000006130000 	/System/Library/Frameworks/CoreServices.framework/Versions/A/Frameworks/Metadata.framework/Versions/A/Metadata
0x0000000006130000 	/System/Library/Frameworks/CoreServices.framework/Versions/A/Frameworks/OSServices.framework/Versions/A/OSServices
0x0000000006130000 	/System/Library/Frameworks/CoreServices.framework/Versions/A/Frameworks/SearchKit.framework/Versions/A/SearchKit
0x0000000006130000 	/System/Library/Frameworks/CoreServices.framework/Versions/A/Frameworks/AE.framework/Versions/A/AE
0x0000000006130000 	/System/Library/Frameworks/CoreServices.framework/Versions/A/Frameworks/LaunchServices.framework/Versions/A/LaunchServices
0x0000000006130000 	/System/Library/Frameworks/CoreServices.framework/Versions/A/Frameworks/DictionaryServices.framework/Versions/A/DictionaryServices
0x0000000006130000 	/System/Library/Frameworks/NetFS.framework/Versions/A/NetFS
0x0000000006130000 	/usr/lib/system/libkxld.dylib
0x0000000006130000 	/System/Library/PrivateFrameworks/NetAuth.framework/Versions/A/NetAuth
0x0000000006130000 	/System/Library/PrivateFrameworks/TCC.framework/Versions/A/TCC
0x0000000006130000 	/System/Library/Frameworks/OpenDirectory.framework/Versions/A/Frameworks/CFOpenDirectory.framework/Versions/A/CFOpenDirectory
0x0000000006130000 	/System/Library/Frameworks/ServiceManagement.framework/Versions/A/ServiceManagement
0x0000000006130000 	/usr/lib/libxslt.1.dylib
0x0000000006130000 	/System/Library/Frameworks/Carbon.framework/Versions/A/Frameworks/Ink.framework/Versions/A/Ink
0x0000000006130000 	/System/Library/Frameworks/ApplicationServices.framework/Versions/A/Frameworks/ATS.framework/Versions/A/ATS
0x0000000006130000 	/System/Library/Frameworks/ApplicationServices.framework/Versions/A/Frameworks/ColorSync.framework/Versions/A/ColorSync
0x0000000006130000 	/System/Library/Frameworks/ApplicationServices.framework/Versions/A/Frameworks/HIServices.framework/Versions/A/HIServices
0x0000000006130000 	/System/Library/Frameworks/ApplicationServices.framework/Versions/A/Frameworks/LangAnalysis.framework/Versions/A/LangAnalysis
0x0000000006130000 	/System/Library/Frameworks/ApplicationServices.framework/Versions/A/Frameworks/PrintCore.framework/Versions/A/PrintCore
0x0000000006130000 	/System/Library/Frameworks/ApplicationServices.framework/Versions/A/Frameworks/QD.framework/Versions/A/QD
0x0000000006130000 	/System/Library/Frameworks/ApplicationServices.framework/Versions/A/Frameworks/SpeechSynthesis.framework/Versions/A/SpeechSynthesis
0x0000000006130000 	/System/Library/Frameworks/IOSurface.framework/Versions/A/IOSurface
0x0000000006130000 	/System/Library/Frameworks/Accelerate.framework/Versions/A/Accelerate
0x0000000006130000 	/System/Library/Frameworks/Accelerate.framework/Versions/A/Frameworks/vImage.framework/Versions/A/vImage
0x0000000006130000 	/System/Library/Frameworks/Accelerate.framework/Versions/A/Frameworks/vecLib.framework/Versions/A/vecLib
0x0000000006130000 	/System/Library/Frameworks/Accelerate.framework/Versions/A/Frameworks/vecLib.framework/Versions/A/libvDSP.dylib
0x0000000006130000 	/System/Library/Frameworks/Accelerate.framework/Versions/A/Frameworks/vecLib.framework/Versions/A/libvMisc.dylib
0x0000000006130000 	/System/Library/Frameworks/Accelerate.framework/Versions/A/Frameworks/vecLib.framework/Versions/A/libLAPACK.dylib
0x0000000006130000 	/System/Library/Frameworks/Accelerate.framework/Versions/A/Frameworks/vecLib.framework/Versions/A/libBLAS.dylib
0x0000000006130000 	/System/Library/Frameworks/ApplicationServices.framework/Versions/A/Frameworks/ATS.framework/Versions/A/Resources/libFontParser.dylib
0x0000000006130000 	/System/Library/Frameworks/ApplicationServices.framework/Versions/A/Frameworks/ATS.framework/Versions/A/Resources/libFontRegistry.dylib
0x0000000006130000 	/System/Library/Frameworks/ImageIO.framework/Versions/A/Resources/libJPEG.dylib
0x0000000006130000 	/System/Library/Frameworks/ImageIO.framework/Versions/A/Resources/libTIFF.dylib
0x0000000006130000 	/System/Library/Frameworks/ImageIO.framework/Versions/A/Resources/libPng.dylib
0x0000000006130000 	/System/Library/Frameworks/ImageIO.framework/Versions/A/Resources/libGIF.dylib
0x0000000006130000 	/System/Library/Frameworks/ImageIO.framework/Versions/A/Resources/libJP2.dylib
0x0000000006130000 	/System/Library/Frameworks/ImageIO.framework/Versions/A/Resources/libRadiance.dylib
0x0000000006130000 	/usr/lib/libcups.2.dylib
0x0000000006130000 	/System/Library/Frameworks/Kerberos.framework/Versions/A/Kerberos
0x0000000006130000 	/System/Library/Frameworks/GSS.framework/Versions/A/GSS
0x0000000006130000 	/usr/lib/libresolv.9.dylib
0x0000000006130000 	/usr/lib/libiconv.2.dylib
0x0000000006130000 	/System/Library/PrivateFrameworks/Heimdal.framework/Versions/A/Heimdal
0x0000000006130000 	/System/Library/PrivateFrameworks/TrustEvaluationAgent.framework/Versions/A/TrustEvaluationAgent
0x0000000006130000 	/usr/lib/libheimdal-asn1.dylib
0x0000000006130000 	/System/Library/Frameworks/OpenDirectory.framework/Versions/A/OpenDirectory
0x0000000006130000 	/System/Library/PrivateFrameworks/CommonAuth.framework/Versions/A/CommonAuth
0x0000000006130000 	/System/Library/Frameworks/SecurityFoundation.framework/Versions/A/SecurityFoundation
0x0000000006130000 	/System/Library/PrivateFrameworks/Bom.framework/Versions/A/Bom
0x0000000006130000 	/System/Library/Frameworks/CoreVideo.framework/Versions/A/CoreVideo
0x0000000006130000 	/System/Library/Frameworks/QuartzCore.framework/Versions/A/Frameworks/CoreImage.framework/Versions/A/CoreImage
0x0000000006130000 	/System/Library/Frameworks/QuartzCore.framework/Versions/A/Frameworks/ScalableUserInterface.framework/Versions/A/ScalableUserInterface
0x0000000006130000 	/System/Library/Frameworks/OpenGL.framework/Versions/A/Libraries/libGLU.dylib
0x0000000006130000 	/System/Library/Frameworks/OpenGL.framework/Versions/A/Libraries/libGFXShared.dylib
0x0000000006130000 	/System/Library/Frameworks/OpenGL.framework/Versions/A/Libraries/libGL.dylib
0x0000000006130000 	/System/Library/Frameworks/OpenGL.framework/Versions/A/Libraries/libGLImage.dylib
0x0000000006130000 	/System/Library/Frameworks/OpenGL.framework/Versions/A/Libraries/libCVMSPluginSupport.dylib
0x0000000006130000 	/System/Library/Frameworks/OpenGL.framework/Versions/A/Libraries/libCoreVMClient.dylib
0x0000000006130000 	/System/Library/PrivateFrameworks/FaceCore.framework/Versions/A/FaceCore
0x0000000006130000 	/System/Library/PrivateFrameworks/CrashReporterSupport.framework/Versions/A/CrashReporterSupport
0x0000000006130000 	/System/Library/Frameworks/OpenCL.framework/Versions/A/OpenCL
0x0000000006130000 	/System/Library/PrivateFrameworks/AppleFSCompression.framework/Versions/A/AppleFSCompression
0x0000000006130000 	/System/Library/PrivateFrameworks/Ubiquity.framework/Versions/A/Ubiquity
0x0000000006130000 	/System/Library/PrivateFrameworks/IconServices.framework/Versions/A/IconServices
0x0000000006130000 	/System/Library/PrivateFrameworks/ChunkingLibrary.framework/Versions/A/ChunkingLibrary
0x0000000006130000 	/System/Library/PrivateFrameworks/CoreSymbolication.framework/Versions/A/CoreSymbolication
0x0000000006130000 	/System/Library/PrivateFrameworks/Symbolication.framework/Versions/A/Symbolication
0x0000000006130000 	/System/Library/PrivateFrameworks/DebugSymbols.framework/Versions/A/DebugSymbols
0x000000010a626000 	/Users/mallika/dev/jMonkeyPlatform.app/Contents/Resources/jmonkeyplatform/jdk/jre/lib/server/libjvm.dylib
0x0000000006130000 	/usr/lib/libstdc++.6.dylib
0x000000010b192000 	/Users/mallika/dev/jMonkeyPlatform.app/Contents/Resources/jmonkeyplatform/jdk/jre/lib/libverify.dylib
0x000000010b19f000 	/Users/mallika/dev/jMonkeyPlatform.app/Contents/Resources/jmonkeyplatform/jdk/jre/lib/libjava.dylib
0x000000010b1d9000 	/Users/mallika/dev/jMonkeyPlatform.app/Contents/Resources/jmonkeyplatform/jdk/jre/lib/libzip.dylib
0x000000010b1e3000 	/System/Library/Frameworks/JavaVM.framework/Frameworks/JavaRuntimeSupport.framework/JavaRuntimeSupport
0x0000000114626000 	/System/Library/Frameworks/JavaVM.framework/Versions/A/Frameworks/JavaNativeFoundation.framework/Versions/A/JavaNativeFoundation
0x000000011463b000 	/System/Library/Frameworks/JavaVM.framework/Versions/A/JavaVM
0x0000000006130000 	/System/Library/Frameworks/Carbon.framework/Versions/A/Carbon
0x0000000114648000 	/System/Library/PrivateFrameworks/JavaLaunching.framework/Versions/A/JavaLaunching
0x0000000006130000 	/System/Library/Frameworks/Carbon.framework/Versions/A/Frameworks/CommonPanels.framework/Versions/A/CommonPanels
0x0000000006130000 	/System/Library/Frameworks/Carbon.framework/Versions/A/Frameworks/Help.framework/Versions/A/Help
0x0000000006130000 	/System/Library/Frameworks/Carbon.framework/Versions/A/Frameworks/ImageCapture.framework/Versions/A/ImageCapture
0x0000000006130000 	/System/Library/Frameworks/Carbon.framework/Versions/A/Frameworks/OpenScripting.framework/Versions/A/OpenScripting
0x0000000006130000 	/System/Library/Frameworks/Carbon.framework/Versions/A/Frameworks/Print.framework/Versions/A/Print
0x0000000006130000 	/System/Library/Frameworks/Carbon.framework/Versions/A/Frameworks/SecurityHI.framework/Versions/A/SecurityHI
0x0000000114d9d000 	/Users/mallika/dev/jMonkeyPlatform.app/Contents/Resources/jmonkeyplatform/jdk/jre/lib/libawt.dylib
0x0000000114e4c000 	/Users/mallika/dev/jMonkeyPlatform.app/Contents/Resources/jmonkeyplatform/jdk/jre/lib/./libmlib_image.dylib
0x0000000114f18000 	/Users/mallika/dev/jMonkeyPlatform.app/Contents/Resources/jmonkeyplatform/jdk/jre/lib/lwawt/liblwawt.dylib
0x0000000114fcc000 	/Users/mallika/dev/jMonkeyPlatform.app/Contents/Resources/jmonkeyplatform/jdk/jre/lib/libosxapp.dylib
0x0000000006130000 	/System/Library/Frameworks/ExceptionHandling.framework/Versions/A/ExceptionHandling
0x0000000006130000 	/System/Library/PrivateFrameworks/CoreServicesInternal.framework/Versions/A/CoreServicesInternal
0x0000000006130000 	/System/Library/PrivateFrameworks/Librarian.framework/Versions/A/Librarian
0x0000000006130000 	/System/Library/Frameworks/CoreGraphics.framework/Versions/A/Resources/libCGCMS.A.dylib
0x0000000006130000 	/System/Library/Frameworks/CoreGraphics.framework/Versions/A/Resources/libRIP.A.dylib
0x0000000006130000 	/System/Library/Frameworks/CoreGraphics.framework/Versions/A/Resources/libCGXType.A.dylib
0x0000000006130000 	/System/Library/PrivateFrameworks/FamilyControls.framework/Versions/A/FamilyControls
0x0000000006130000 	/System/Library/PrivateFrameworks/CommerceKit.framework/Versions/A/Frameworks/CommerceCore.framework/Versions/A/CommerceCore
0x0000000006130000 	/System/Library/PrivateFrameworks/SystemAdministration.framework/Versions/A/SystemAdministration
0x0000000006130000 	/System/Library/Frameworks/DirectoryService.framework/Versions/A/DirectoryService
0x0000000006130000 	/System/Library/PrivateFrameworks/DiskImages.framework/Versions/A/DiskImages
0x0000000006130000 	/System/Library/PrivateFrameworks/LoginUIKit.framework/Versions/A/Frameworks/LoginUICore.framework/Versions/A/LoginUICore
0x0000000006130000 	/usr/lib/libCoreStorage.dylib
0x0000000006130000 	/usr/lib/libcsfde.dylib
0x0000000006130000 	/usr/lib/libodfde.dylib
0x0000000006130000 	/System/Library/Frameworks/DiscRecording.framework/Versions/A/DiscRecording
0x0000000006130000 	/usr/lib/libcurl.4.dylib
0x0000000006130000 	/System/Library/PrivateFrameworks/MediaKit.framework/Versions/A/MediaKit
0x0000000006130000 	/System/Library/PrivateFrameworks/EFILogin.framework/Versions/A/EFILogin
0x0000000006130000 	/usr/lib/libutil.dylib
0x0000000006130000 	/System/Library/PrivateFrameworks/AOSNotification.framework/Versions/A/AOSNotification
0x0000000006130000 	/System/Library/Frameworks/LDAP.framework/Versions/A/LDAP
0x0000000006130000 	/usr/lib/libsasl2.2.dylib
0x0000000006130000 	/usr/lib/libcrypto.0.9.8.dylib
0x0000000006130000 	/usr/lib/libssl.0.9.8.dylib
0x0000000118f05000 	/Users/mallika/dev/jMonkeyPlatform.app/Contents/Resources/jmonkeyplatform/jdk/jre/lib/libfontmanager.dylib
0x0000000006130000 	/System/Library/Frameworks/OpenGL.framework/Versions/A/Resources/GLEngine.bundle/GLEngine
0x0000000006130000 	/System/Library/Frameworks/OpenGL.framework/Versions/A/Libraries/libGLProgrammability.dylib
0x0000000000000000 	/System/Library/Extensions/GeForceTeslaGLDriver.bundle/Contents/MacOS/GeForceTeslaGLDriver
0x0000000119172000 	/System/Library/Extensions/GeForceTeslaGLDriver.bundle/Contents/MacOS/libclh.dylib
0x0000000116856000 	/System/Library/PrivateFrameworks/GPUSupport.framework/Versions/A/Libraries/libGPUSupport.dylib
0x0000000006130000 	/System/Library/Frameworks/OpenGL.framework/Versions/A/Resources/GLRendererFloat.bundle/GLRendererFloat
0x0000000006130000 	/System/Library/Frameworks/OpenCL.framework/Versions/A/Libraries/libcldcpuengine.dylib
0x0000000117644000 	/Users/mallika/dev/jMonkeyPlatform.app/Contents/Resources/jmonkeyplatform/jdk/jre/lib/libosxui.dylib
0x0000000119a21000 	/Users/mallika/dev/jMonkeyPlatform.app/Contents/Resources/jmonkeyplatform/jdk/jre/lib/libosx.dylib
0x000000011b669000 	/Users/mallika/dev/jMonkeyPlatform.app/Contents/Resources/jmonkeyplatform/jdk/jre/lib/libnet.dylib
0x000000011b865000 	/Users/mallika/dev/jMonkeyPlatform.app/Contents/Resources/jmonkeyplatform/jdk/jre/lib/libnio.dylib
0x000000011a396000 	/Users/mallika/dev/CMPE_202_Project/cmpe202-project/liblwjgl.dylib
0x000000011a411000 	/Users/mallika/dev/jMonkeyPlatform.app/Contents/Resources/jmonkeyplatform/jdk/jre/lib/libjawt.dylib
0x0000000121005000 	/Users/mallika/dev/CMPE_202_Project/cmpe202-project/openal.dylib
0x0000000121061000 	/System/Library/Components/CoreAudio.component/Contents/MacOS/CoreAudio
0x000000011b67e000 	/System/Library/Extensions/AppleHDA.kext/Contents/PlugIns/AppleHDAHALPlugIn.bundle/Contents/MacOS/AppleHDAHALPlugIn

VM Arguments:
jvm_args: -Dfile.encoding=UTF-8 
java_command: mygame.Main
Launcher Type: SUN_STANDARD

Environment Variables:
PATH=/usr/bin:/bin:/usr/sbin:/sbin
LD_LIBRARY_PATH=/Users/mallika/dev/jMonkeyPlatform.app/Contents/MacOS/../Resources/jmonkeyplatform/bin/../jdk/jre/lib/amd64:/Users/mallika/dev/jMonkeyPlatform.app/Contents/MacOS/../Resources/jmonkeyplatform/bin/../jdk/jre/lib/i386:
SHELL=/bin/bash

Signal Handlers:
SIGSEGV: [libjvm.dylib+0x525425], sa_mask[0]=0xfffefeff, sa_flags=0x00000043
SIGBUS: [libjvm.dylib+0x525425], sa_mask[0]=0xfffefeff, sa_flags=0x00000042
SIGFPE: [libjvm.dylib+0x41892a], sa_mask[0]=0xfffefeff, sa_flags=0x00000042
SIGPIPE: [libjvm.dylib+0x41892a], sa_mask[0]=0xfffefeff, sa_flags=0x00000042
SIGXFSZ: [libjvm.dylib+0x41892a], sa_mask[0]=0xfffefeff, sa_flags=0x00000042
SIGILL: [libjvm.dylib+0x41892a], sa_mask[0]=0xfffefeff, sa_flags=0x00000042
SIGUSR1: SIG_DFL, sa_mask[0]=0x00000000, sa_flags=0x00000002
SIGUSR2: [libjvm.dylib+0x41841c], sa_mask[0]=0x00000004, sa_flags=0x00000042
SIGHUP: [libjvm.dylib+0x4166ab], sa_mask[0]=0xfffefeff, sa_flags=0x00000042
SIGINT: SIG_IGN, sa_mask[0]=0x00000000, sa_flags=0x00000000
SIGTERM: [libjvm.dylib+0x4166ab], sa_mask[0]=0xfffefeff, sa_flags=0x00000042
SIGQUIT: [libjvm.dylib+0x4166ab], sa_mask[0]=0xfffefeff, sa_flags=0x00000042


---------------  S Y S T E M  ---------------

OS:Bsduname:Darwin 13.1.0 Darwin Kernel Version 13.1.0: Wed Apr  2 23:52:02 PDT 2014; root:xnu-2422.92.1~2/RELEASE_X86_64 x86_64
rlimit: STACK 8192k, CORE 0k, NPROC 709, NOFILE 10240, AS infinity
load average:2.36 2.12 6.12

CPU:total 2 (2 cores per cpu, 1 threads per core) family 6 model 23 stepping 10, cmov, cx8, fxsr, mmx, sse, sse2, sse3, ssse3, sse4.1, tsc

Memory: 4k page, physical 8388608k(2097152k free)

/proc/meminfo:


vm_info: Java HotSpot(TM) 64-Bit Server VM (24.51-b03) for bsd-amd64 JRE (1.7.0_51-b13), built on Dec 18 2013 18:45:56 by "java_re" with gcc 4.2.1 (Based on Apple Inc. build 5658) (LLVM build 2336.11.00)

time: Mon Nov 24 17:21:58 2014
elapsed time: 5 seconds

