#
# A fatal error has been detected by the Java Runtime Environment:
#
#  SIGSEGV (0xb) at pc=0x00007fff8d85062a, pid=33710, tid=76591
#
# JRE version: Java(TM) SE Runtime Environment (7.0_51-b13) (build 1.7.0_51-b13)
# Java VM: Java HotSpot(TM) 64-Bit Server VM (24.51-b03 mixed mode bsd-amd64 compressed oops)
# Problematic frame:
# C  [libobjc.A.dylib+0x762a]  (anonymous namespace)::AutoreleasePoolPage::pop(void*)+0x1c6
#
# Failed to write core dump. Core dumps have been disabled. To enable core dumping, try "ulimit -c unlimited" before starting Java again
#
# If you would like to submit a bug report, please visit:
#   http://bugreport.sun.com/bugreport/crash.jsp
# The crash happened outside the Java Virtual Machine in native code.
# See problematic frame for where to report the bug.
#

---------------  T H R E A D  ---------------

Current thread (0x00007faa24cae800):  JavaThread "LWJGL Renderer Thread" [_thread_in_native, id=76591, stack(0x00000001256c1000,0x00000001257c1000)]

siginfo:si_signo=SIGSEGV: si_errno=0, si_code=1 (SEGV_MAPERR), si_addr=0x0000000000000010

Registers:
RAX=0x00007faa23811038, RBX=0xa3a3a3a3a3a3a3a3, RCX=0x00007faa23811038, RDX=0x00000000a1a1a1a1
RSP=0x00000001257c0200, RBP=0x00000001257c0650, RSI=0x0000000000000000, RDI=0x00007faa21bc6038
R8 =0x00007faa20c053b0, R9 =0x0000000000000000, R10=0x00007faa20c35600, R11=0x00007fff76255db8
R12=0x0000000000000000, R13=0x000000077ba9bfa0, R14=0x00007faa21bc6038, R15=0x00007faa21bc6000
RIP=0x00007fff8d85062a, EFLAGS=0x0000000000010246, ERR=0x0000000000000004
  TRAPNO=0x000000000000000e

Top of Stack: (sp=0x00000001257c0200)
0x00000001257c0200:   00000001257c0240 00007fff8c65c8f3
0x00000001257c0210:   0000001100000018 00007faa21bc6038
0x00000001257c0220:   0045480000454800 00007faa20d0be30
0x00000001257c0230:   00000001257c0260 00007faa20d0be40
0x00000001257c0240:   00000001257c0390 00007fff9141d34c
0x00000001257c0250:   0000000000000000 0000000000000000
0x00000001257c0260:   0000001800000011 0000000000001103
0x00000001257c0270:   0000000024cae800 000000010b00045f
0x00000001257c0280:   0000000000000000 0000000000000030
0x00000001257c0290:   0000000000012068 00007faa20c33ef0
0x00000001257c02a0:   0000000000012068 00000001257c035c
0x00000001257c02b0:   00000001257c0340 00007fff8c65c4a9
0x00000001257c02c0:   00000001257c0350 00000001257c0364
0x00000001257c02d0:   00000001257c0360 0000000000000000
0x00000001257c02e0:   00000001257c035c 00007faa20c33f0c
0x00000001257c02f0:   0000000000222dd5 0000010020c34684
0x00000001257c0300:   00007faa20c33f08 00012068003c9b9f
0x00000001257c0310:   0000000000222dd5 0000000000000001
0x00000001257c0320:   0000000000000001 0000000000000008
0x00000001257c0330:   00007faa20c33ef0 0000000000000000
0x00000001257c0340:   00000001257c0380 00007fff8c65c8f3
0x00000001257c0350:   00000001257c0390 0001206800000001
0x00000001257c0360:   0000000000000000 00007faa20c053c0
0x00000001257c0370:   0000000000000000 0000000000000000
0x00000001257c0380:   00000001257c0400 00007fff8c65c6ea
0x00000001257c0390:   00000001257c0490 00000001257c0480
0x00000001257c03a0:   00000001257c048c 00007faa20c053dc
0x00000001257c03b0:   00007faa20c053c0 0000000000000200
0x00000001257c03c0:   00007faa20c053d8 0000000000d0adf0
0x00000001257c03d0:   0000000109f1fa00 00007faa23206b50
0x00000001257c03e0:   0000000000200000 00007faa23200000
0x00000001257c03f0:   00007faa23206b20 0000000109f1fa00 

Instructions: (pc=0x00007fff8d85062a)
0x00007fff8d85060a:   48 8b 76 20 48 85 f6 74 0e 8b 16 81 fa a1 a1 a1
0x00007fff8d85061a:   a1 0f 85 15 01 00 00 65 48 89 34 25 80 01 00 00
0x00007fff8d85062a:   48 8b 46 10 48 8d 4e 38 48 39 c8 74 d3 48 83 c6
0x00007fff8d85063a:   10 eb 04 48 8d 76 10 48 8d 48 f8 48 89 0e 48 8b 

Register to memory mapping:

RAX=0x00007faa23811038 is an unknown value
RBX=0xa3a3a3a3a3a3a3a3 is an unknown value
RCX=0x00007faa23811038 is an unknown value
RDX=0x00000000a1a1a1a1 is an unknown value
RSP=0x00000001257c0200 is pointing into the stack for thread: 0x00007faa24cae800
RBP=0x00000001257c0650 is pointing into the stack for thread: 0x00007faa24cae800
RSI=0x0000000000000000 is an unknown value
RDI=0x00007faa21bc6038 is an unknown value
R8 =0x00007faa20c053b0 is an unknown value
R9 =0x0000000000000000 is an unknown value
R10=0x00007faa20c35600 is an unknown value
R11=0x00007fff76255db8: OBJC_CLASS_$_NSAutoreleasePool+0 in /System/Library/Frameworks/Foundation.framework/Versions/C/Foundation at 0x00007fff86641000
R12=0x0000000000000000 is an unknown value
R13=0x000000077ba9bfa0 is an oop
{method} 
 - klass: {other class}
R14=0x00007faa21bc6038 is an unknown value
R15=0x00007faa21bc6000 is an unknown value


Stack: [0x00000001256c1000,0x00000001257c1000],  sp=0x00000001257c0200,  free space=1020k
Native frames: (J=compiled Java code, j=interpreted, Vv=VM code, C=native code)
C  [libobjc.A.dylib+0x762a]  (anonymous namespace)::AutoreleasePoolPage::pop(void*)+0x1c6
C  [CoreFoundation+0x389e2]  _CFAutoreleasePoolPop+0x32
C  [Foundation+0x1ae17]  -[NSAutoreleasePool drain]+0x93
j  org.lwjgl.opengl.MacOSXDisplay.nDestroyWindow(Ljava/nio/ByteBuffer;)V+0
j  org.lwjgl.opengl.MacOSXDisplay.destroyWindow()V+43
j  org.lwjgl.opengl.Display.destroyWindow()V+46
j  org.lwjgl.opengl.Display.setDisplayMode(Lorg/lwjgl/opengl/DisplayMode;)V+34
j  com.jme3.system.lwjgl.LwjglDisplay.createContext(Lcom/jme3/system/AppSettings;)V+270
j  com.jme3.system.lwjgl.LwjglAbstractDisplay.initInThread()Z+25
j  com.jme3.system.lwjgl.LwjglAbstractDisplay.run()V+32
j  java.lang.Thread.run()V+11
v  ~StubRoutines::call_stub
V  [libjvm.dylib+0x2d6bb0]  JavaCalls::call_helper(JavaValue*, methodHandle*, JavaCallArguments*, Thread*)+0x22a
V  [libjvm.dylib+0x2d70c7]  JavaCalls::call_virtual(JavaValue*, KlassHandle, Symbol*, Symbol*, JavaCallArguments*, Thread*)+0x11b
V  [libjvm.dylib+0x2d7204]  JavaCalls::call_virtual(JavaValue*, Handle, KlassHandle, Symbol*, Symbol*, Thread*)+0x4a
V  [libjvm.dylib+0x3261ea]  thread_entry(JavaThread*, Thread*)+0xad
V  [libjvm.dylib+0x4efb57]  JavaThread::thread_main_inner()+0x9b
V  [libjvm.dylib+0x4f125f]  JavaThread::run()+0x1a3
V  [libjvm.dylib+0x41b1d6]  java_start(Thread*)+0x126
C  [libsystem_pthread.dylib+0x1899]  _pthread_body+0x8a
C  [libsystem_pthread.dylib+0x172a]  _pthread_struct_init+0x0
C  [libsystem_pthread.dylib+0x5fc9]  thread_start+0xd

Java frames: (J=compiled Java code, j=interpreted, Vv=VM code)
j  org.lwjgl.opengl.MacOSXDisplay.nDestroyWindow(Ljava/nio/ByteBuffer;)V+0
j  org.lwjgl.opengl.MacOSXDisplay.destroyWindow()V+43
j  org.lwjgl.opengl.Display.destroyWindow()V+46
j  org.lwjgl.opengl.Display.setDisplayMode(Lorg/lwjgl/opengl/DisplayMode;)V+34
j  com.jme3.system.lwjgl.LwjglDisplay.createContext(Lcom/jme3/system/AppSettings;)V+270
j  com.jme3.system.lwjgl.LwjglAbstractDisplay.initInThread()Z+25
j  com.jme3.system.lwjgl.LwjglAbstractDisplay.run()V+32
j  java.lang.Thread.run()V+11
v  ~StubRoutines::call_stub

---------------  P R O C E S S  ---------------

Java Threads: ( => current thread )
  0x00007faa2557e800 JavaThread "DestroyJavaVM" [_thread_blocked, id=6915, stack(0x000000010aa6b000,0x000000010ab6b000)]
=>0x00007faa24cae800 JavaThread "LWJGL Renderer Thread" [_thread_in_native, id=76591, stack(0x00000001256c1000,0x00000001257c1000)]
  0x00007faa23a30800 JavaThread "jME Terrain Thread" daemon [_thread_blocked, id=75483, stack(0x00000001248ca000,0x00000001249ca000)]
  0x00007faa21c33800 JavaThread "jME3 Audio Thread" daemon [_thread_blocked, id=58411, stack(0x0000000120d3e000,0x0000000120e3e000)]
  0x00007faa21226000 JavaThread "LWJGL Renderer Thread" [_thread_blocked, id=53511, stack(0x000000011ba52000,0x000000011bb52000)]
  0x00007faa213fd000 JavaThread "TimerQueue" daemon [_thread_blocked, id=56131, stack(0x000000011f8ff000,0x000000011f9ff000)]
  0x00007faa219c4800 JavaThread "Timer-0" daemon [_thread_blocked, id=50691, stack(0x000000011a05e000,0x000000011a15e000)]
  0x00007faa211c3800 JavaThread "Java2D Disposer" daemon [_thread_blocked, id=50179, stack(0x0000000119f52000,0x000000011a052000)]
  0x00007faa2115b000 JavaThread "Java2D Queue Flusher" daemon [_thread_blocked, id=40203, stack(0x00000001191bf000,0x00000001192bf000)]
  0x00007faa2113b800 JavaThread "AWT-EventQueue-0" [_thread_in_native, id=48131, stack(0x0000000119039000,0x0000000119139000)]
  0x00007faa210e5800 JavaThread "AWT-Shutdown" [_thread_blocked, id=27147, stack(0x0000000116083000,0x0000000116183000)]
  0x00007faa210cb800 JavaThread "AppKit Thread" daemon [_thread_in_native, id=1287, stack(0x00007fff55c7d000,0x00007fff55cfd000)]
  0x00007faa21853000 JavaThread "Service Thread" daemon [_thread_blocked, id=18435, stack(0x000000011443c000,0x000000011453c000)]
  0x00007faa21847800 JavaThread "C2 CompilerThread1" daemon [_thread_blocked, id=17923, stack(0x0000000114339000,0x0000000114439000)]
  0x00007faa21039800 JavaThread "C2 CompilerThread0" daemon [_thread_blocked, id=17411, stack(0x0000000114236000,0x0000000114336000)]
  0x00007faa21845000 JavaThread "Signal Dispatcher" daemon [_thread_blocked, id=16899, stack(0x0000000114133000,0x0000000114233000)]
  0x00007faa2183f000 JavaThread "Finalizer" daemon [_thread_blocked, id=12035, stack(0x0000000113efb000,0x0000000113ffb000)]
  0x00007faa21023800 JavaThread "Reference Handler" daemon [_thread_blocked, id=11523, stack(0x0000000113df8000,0x0000000113ef8000)]

Other Threads:
  0x00007faa2183c800 VMThread [stack: 0x0000000113cf5000,0x0000000113df5000] [id=11011]
  0x00007faa2102c800 WatcherThread [stack: 0x000000011453f000,0x000000011463f000] [id=18947]

VM state:not at safepoint (normal execution)

VM Mutex/Monitor currently owned by a thread: None

Heap
 PSYoungGen      total 38912K, used 25420K [0x00000007d5500000, 0x00000007da100000, 0x0000000800000000)
  eden space 33792K, 60% used [0x00000007d5500000,0x00000007d68d9880,0x00000007d7600000)
  from space 5120K, 99% used [0x00000007d7600000,0x00000007d7af98f8,0x00000007d7b00000)
  to   space 5120K, 0% used [0x00000007d9c00000,0x00000007d9c00000,0x00000007da100000)
 ParOldGen       total 87040K, used 7551K [0x0000000780000000, 0x0000000785500000, 0x00000007d5500000)
  object space 87040K, 8% used [0x0000000780000000,0x000000078075ff00,0x0000000785500000)
 PSPermGen       total 21504K, used 17093K [0x000000077ae00000, 0x000000077c300000, 0x0000000780000000)
  object space 21504K, 79% used [0x000000077ae00000,0x000000077beb17b0,0x000000077c300000)

Card table byte_map: [0x000000010e0c0000,0x000000010e4ea000] byte_map_base: 0x000000010a4e9000

Polling page: 0x000000010abaa000

Code Cache  [0x000000010b000000, 0x000000010b270000, 0x000000010e000000)
 total_blobs=1011 nmethods=416 adapters=549 free_code_cache=47623Kb largest_free_block=48695296

Compilation events (10 events):
Event: 21.660 Thread 0x00007faa21039800  424             java.util.ArrayList$Itr::<init> (6 bytes)
Event: 21.661 Thread 0x00007faa21039800 nmethod 424 0x000000010b112690 code [0x000000010b1127c0, 0x000000010b112858]
Event: 21.661 Thread 0x00007faa21039800  425             java.util.ArrayList$Itr::<init> (26 bytes)
Event: 21.662 Thread 0x00007faa21039800 nmethod 425 0x000000010b112410 code [0x000000010b112540, 0x000000010b1125d8]
Event: 21.871 Thread 0x00007faa21847800  426             java.util.ArrayList::iterator (10 bytes)
Event: 21.872 Thread 0x00007faa21847800 nmethod 426 0x000000010b112150 code [0x000000010b1122a0, 0x000000010b112378]
Event: 22.064 Thread 0x00007faa21039800  427             com.jme3.texture.FrameBuffer::getNumColorBuffers (8 bytes)
Event: 22.064 Thread 0x00007faa21039800 nmethod 427 0x000000010b111f10 code [0x000000010b112040, 0x000000010b1120b8]
Event: 22.119 Thread 0x00007faa21039800  428             java.nio.DirectIntBufferU::ix (10 bytes)
Event: 22.119 Thread 0x00007faa21039800 nmethod 428 0x000000010b111d10 code [0x000000010b111e40, 0x000000010b111eb8]

GC Heap History (6 events):
Event: 8.573 GC heap before
{Heap before GC invocations=1 (full 0):
 PSYoungGen      total 38912K, used 33792K [0x00000007d5500000, 0x00000007d8000000, 0x0000000800000000)
  eden space 33792K, 100% used [0x00000007d5500000,0x00000007d7600000,0x00000007d7600000)
  from space 5120K, 0% used [0x00000007d7b00000,0x00000007d7b00000,0x00000007d8000000)
  to   space 5120K, 0% used [0x00000007d7600000,0x00000007d7600000,0x00000007d7b00000)
 ParOldGen       total 87040K, used 0K [0x0000000780000000, 0x0000000785500000, 0x00000007d5500000)
  object space 87040K, 0% used [0x0000000780000000,0x0000000780000000,0x0000000785500000)
 PSPermGen       total 21504K, used 16138K [0x000000077ae00000, 0x000000077c300000, 0x0000000780000000)
  object space 21504K, 75% used [0x000000077ae00000,0x000000077bdc2a80,0x000000077c300000)
Event: 8.637 GC heap after
Heap after GC invocations=1 (full 0):
 PSYoungGen      total 38912K, used 5098K [0x00000007d5500000, 0x00000007d8000000, 0x0000000800000000)
  eden space 33792K, 0% used [0x00000007d5500000,0x00000007d5500000,0x00000007d7600000)
  from space 5120K, 99% used [0x00000007d7600000,0x00000007d7afaa10,0x00000007d7b00000)
  to   space 5120K, 0% used [0x00000007d7b00000,0x00000007d7b00000,0x00000007d8000000)
 ParOldGen       total 87040K, used 6887K [0x0000000780000000, 0x0000000785500000, 0x00000007d5500000)
  object space 87040K, 7% used [0x0000000780000000,0x00000007806b9d88,0x0000000785500000)
 PSPermGen       total 21504K, used 16138K [0x000000077ae00000, 0x000000077c300000, 0x0000000780000000)
  object space 21504K, 75% used [0x000000077ae00000,0x000000077bdc2a80,0x000000077c300000)
}
Event: 9.199 GC heap before
{Heap before GC invocations=2 (full 0):
 PSYoungGen      total 38912K, used 38890K [0x00000007d5500000, 0x00000007d8000000, 0x0000000800000000)
  eden space 33792K, 100% used [0x00000007d5500000,0x00000007d7600000,0x00000007d7600000)
  from space 5120K, 99% used [0x00000007d7600000,0x00000007d7afaa10,0x00000007d7b00000)
  to   space 5120K, 0% used [0x00000007d7b00000,0x00000007d7b00000,0x00000007d8000000)
 ParOldGen       total 87040K, used 6887K [0x0000000780000000, 0x0000000785500000, 0x00000007d5500000)
  object space 87040K, 7% used [0x0000000780000000,0x00000007806b9d88,0x0000000785500000)
 PSPermGen       total 21504K, used 16265K [0x000000077ae00000, 0x000000077c300000, 0x0000000780000000)
  object space 21504K, 75% used [0x000000077ae00000,0x000000077bde26b8,0x000000077c300000)
Event: 9.217 GC heap after
Heap after GC invocations=2 (full 0):
 PSYoungGen      total 38912K, used 5098K [0x00000007d5500000, 0x00000007da100000, 0x0000000800000000)
  eden space 33792K, 0% used [0x00000007d5500000,0x00000007d5500000,0x00000007d7600000)
  from space 5120K, 99% used [0x00000007d7b00000,0x00000007d7ffaa20,0x00000007d8000000)
  to   space 5120K, 0% used [0x00000007d7600000,0x00000007d7600000,0x00000007d7b00000)
 ParOldGen       total 87040K, used 7111K [0x0000000780000000, 0x0000000785500000, 0x00000007d5500000)
  object space 87040K, 8% used [0x0000000780000000,0x00000007806f1d88,0x0000000785500000)
 PSPermGen       total 21504K, used 16265K [0x000000077ae00000, 0x000000077c300000, 0x0000000780000000)
  object space 21504K, 75% used [0x000000077ae00000,0x000000077bde26b8,0x000000077c300000)
}
Event: 10.070 GC heap before
{Heap before GC invocations=3 (full 0):
 PSYoungGen      total 38912K, used 38890K [0x00000007d5500000, 0x00000007da100000, 0x0000000800000000)
  eden space 33792K, 100% used [0x00000007d5500000,0x00000007d7600000,0x00000007d7600000)
  from space 5120K, 99% used [0x00000007d7b00000,0x00000007d7ffaa20,0x00000007d8000000)
  to   space 5120K, 0% used [0x00000007d7600000,0x00000007d7600000,0x00000007d7b00000)
 ParOldGen       total 87040K, used 7111K [0x0000000780000000, 0x0000000785500000, 0x00000007d5500000)
  object space 87040K, 8% used [0x0000000780000000,0x00000007806f1d88,0x0000000785500000)
 PSPermGen       total 21504K, used 16397K [0x000000077ae00000, 0x000000077c300000, 0x0000000780000000)
  object space 21504K, 76% used [0x000000077ae00000,0x000000077be03540,0x000000077c300000)
Event: 10.083 GC heap after
Heap after GC invocations=3 (full 0):
 PSYoungGen      total 38912K, used 5094K [0x00000007d5500000, 0x00000007da100000, 0x0000000800000000)
  eden space 33792K, 0% used [0x00000007d5500000,0x00000007d5500000,0x00000007d7600000)
  from space 5120K, 99% used [0x00000007d7600000,0x00000007d7af98f8,0x00000007d7b00000)
  to   space 5120K, 0% used [0x00000007d9c00000,0x00000007d9c00000,0x00000007da100000)
 ParOldGen       total 87040K, used 7551K [0x0000000780000000, 0x0000000785500000, 0x00000007d5500000)
  object space 87040K, 8% used [0x0000000780000000,0x000000078075ff00,0x0000000785500000)
 PSPermGen       total 21504K, used 16397K [0x000000077ae00000, 0x000000077c300000, 0x0000000780000000)
  object space 21504K, 76% used [0x000000077ae00000,0x000000077be03540,0x000000077c300000)
}

Deoptimization events (10 events):
Event: 12.949 Thread 0x00007faa21226000 Uncommon trap: reason=array_check action=maybe_recompile pc=0x000000010b142ee8 method=com.jme3.util.SortUtil.merge([Ljava/lang/Object;[Ljava/lang/Object;IIILjava/util/Comparator;)V @ 137
Event: 14.361 Thread 0x00007faa21226000 Uncommon trap: reason=predicate action=maybe_recompile pc=0x000000010b0e7400 method=java.util.Arrays.fill([Ljava/lang/Object;Ljava/lang/Object;)V @ 10
Event: 15.064 Thread 0x00007faa21226000 Uncommon trap: reason=array_check action=maybe_recompile pc=0x000000010b163bb8 method=java.util.Arrays.fill([Ljava/lang/Object;Ljava/lang/Object;)V @ 13
Event: 15.064 Thread 0x00007faa21226000 Uncommon trap: reason=array_check action=maybe_recompile pc=0x000000010b163bb8 method=java.util.Arrays.fill([Ljava/lang/Object;Ljava/lang/Object;)V @ 13
Event: 15.064 Thread 0x00007faa21226000 Uncommon trap: reason=array_check action=maybe_recompile pc=0x000000010b163bb8 method=java.util.Arrays.fill([Ljava/lang/Object;Ljava/lang/Object;)V @ 13
Event: 15.072 Thread 0x00007faa21226000 Uncommon trap: reason=array_check action=maybe_recompile pc=0x000000010b163bb8 method=java.util.Arrays.fill([Ljava/lang/Object;Ljava/lang/Object;)V @ 13
Event: 16.096 Thread 0x00007faa21c33800 Uncommon trap: reason=null_check action=make_not_entrant pc=0x000000010b16755c method=com.jme3.util.NativeObjectManager.deleteUnused(Ljava/lang/Object;)V @ 57
Event: 17.558 Thread 0x00007faa21226000 Uncommon trap: reason=class_check action=maybe_recompile pc=0x000000010b13d94c method=com.jme3.renderer.RenderManager.renderShadow(Lcom/jme3/scene/Spatial;Lcom/jme3/renderer/queue/RenderQueue;)V @ 8
Event: 17.566 Thread 0x00007faa21226000 Uncommon trap: reason=class_check action=maybe_recompile pc=0x000000010b13d94c method=com.jme3.renderer.RenderManager.renderShadow(Lcom/jme3/scene/Spatial;Lcom/jme3/renderer/queue/RenderQueue;)V @ 8
Event: 19.032 Thread 0x00007faa21226000 Uncommon trap: reason=class_check action=maybe_recompile pc=0x000000010b13d94c method=com.jme3.renderer.RenderManager.renderShadow(Lcom/jme3/scene/Spatial;Lcom/jme3/renderer/queue/RenderQueue;)V @ 8

Internal exceptions (10 events):
Event: 10.844 Thread 0x00007faa21226000 Threw 0x00000007d5f719b0 at /HUDSON/workspace/7u-2-build-macosx-x86_64/jdk7u51/527/hotspot/src/share/vm/prims/jvm.cpp:1244
Event: 10.846 Thread 0x00007faa21226000 Threw 0x00000007d5f74678 at /HUDSON/workspace/7u-2-build-macosx-x86_64/jdk7u51/527/hotspot/src/share/vm/prims/jvm.cpp:1244
Event: 10.850 Thread 0x00007faa21226000 Threw 0x00000007d5f80db8 at /HUDSON/workspace/7u-2-build-macosx-x86_64/jdk7u51/527/hotspot/src/share/vm/prims/jvm.cpp:1244
Event: 11.042 Thread 0x00007faa21226000 Threw 0x00000007d6047b00 at /HUDSON/workspace/7u-2-build-macosx-x86_64/jdk7u51/527/hotspot/src/share/vm/prims/jvm.cpp:1244
Event: 11.079 Thread 0x00007faa21226000 Threw 0x00000007d6058a00 at /HUDSON/workspace/7u-2-build-macosx-x86_64/jdk7u51/527/hotspot/src/share/vm/prims/jvm.cpp:1244
Event: 11.080 Thread 0x00007faa21226000 Threw 0x00000007d605c8a0 at /HUDSON/workspace/7u-2-build-macosx-x86_64/jdk7u51/527/hotspot/src/share/vm/prims/jvm.cpp:1244
Event: 11.162 Thread 0x00007faa21226000 Threw 0x00000007d6266d80 at /HUDSON/workspace/7u-2-build-macosx-x86_64/jdk7u51/527/hotspot/src/share/vm/prims/jvm.cpp:1244
Event: 11.170 Thread 0x00007faa21226000 Threw 0x00000007d626d220 at /HUDSON/workspace/7u-2-build-macosx-x86_64/jdk7u51/527/hotspot/src/share/vm/prims/jvm.cpp:1244
Event: 11.173 Thread 0x00007faa23a30800 Threw 0x00000007d62a82e0 at /HUDSON/workspace/7u-2-build-macosx-x86_64/jdk7u51/527/hotspot/src/share/vm/prims/jvm.cpp:1244
Event: 15.355 Thread 0x00007faa21226000 Threw 0x00000007d6513390 at /HUDSON/workspace/7u-2-build-macosx-x86_64/jdk7u51/527/hotspot/src/share/vm/prims/jvm.cpp:1244

Events (10 events):
Event: 20.871 Thread 0x00007faa21847800 flushing nmethod 0x000000010b111c10
Event: 20.991 Thread 0x00007faa21039800 flushing nmethod 0x000000010b133610
Event: 21.033 Thread 0x00007faa21039800 flushing nmethod 0x000000010b141fd0
Event: 21.660 loading class 0x00000001130d3d10
Event: 21.660 loading class 0x00000001130d3d10 done
Event: 23.887 Thread 0x00007faa24cae800 Thread added: 0x00007faa24cae800
Event: 23.887 Thread 0x00007faa2100c000 Thread exited: 0x00007faa2100c000
Event: 23.887 Thread 0x00007faa2557e800 Thread added: 0x00007faa2557e800
Event: 23.887 Executing VM operation: RevokeBias
Event: 23.888 Executing VM operation: RevokeBias done


Dynamic libraries:
0x0000000006130000 	/System/Library/Frameworks/Cocoa.framework/Versions/A/Cocoa
0x0000000006130000 	/System/Library/Frameworks/Security.framework/Versions/A/Security
0x0000000006130000 	/System/Library/Frameworks/ApplicationServices.framework/Versions/A/ApplicationServices
0x0000000006130000 	/usr/lib/libz.1.dylib
0x0000000006130000 	/usr/lib/libSystem.B.dylib
0x0000000006130000 	/usr/lib/libobjc.A.dylib
0x0000000006130000 	/System/Library/Frameworks/CoreFoundation.framework/Versions/A/CoreFoundation
0x0000000006130000 	/System/Library/Frameworks/Foundation.framework/Versions/C/Foundation
0x0000000006130000 	/System/Library/Frameworks/AppKit.framework/Versions/C/AppKit
0x0000000006130000 	/System/Library/Frameworks/CoreData.framework/Versions/A/CoreData
0x0000000006130000 	/System/Library/PrivateFrameworks/RemoteViewServices.framework/Versions/A/RemoteViewServices
0x0000000006130000 	/System/Library/Frameworks/AudioToolbox.framework/Versions/A/AudioToolbox
0x0000000006130000 	/System/Library/Frameworks/AudioUnit.framework/Versions/A/AudioUnit
0x0000000006130000 	/System/Library/PrivateFrameworks/DataDetectorsCore.framework/Versions/A/DataDetectorsCore
0x0000000006130000 	/System/Library/PrivateFrameworks/DesktopServicesPriv.framework/Versions/A/DesktopServicesPriv
0x0000000006130000 	/System/Library/Frameworks/Carbon.framework/Versions/A/Frameworks/HIToolbox.framework/Versions/A/HIToolbox
0x0000000006130000 	/System/Library/Frameworks/QuartzCore.framework/Versions/A/QuartzCore
0x0000000006130000 	/System/Library/Frameworks/Carbon.framework/Versions/A/Frameworks/SpeechRecognition.framework/Versions/A/SpeechRecognition
0x0000000006130000 	/usr/lib/libauto.dylib
0x0000000006130000 	/usr/lib/libicucore.A.dylib
0x0000000006130000 	/usr/lib/libxml2.2.dylib
0x0000000006130000 	/System/Library/PrivateFrameworks/CoreUI.framework/Versions/A/CoreUI
0x0000000006130000 	/System/Library/Frameworks/CoreAudio.framework/Versions/A/CoreAudio
0x0000000006130000 	/System/Library/Frameworks/DiskArbitration.framework/Versions/A/DiskArbitration
0x0000000006130000 	/usr/lib/liblangid.dylib
0x0000000006130000 	/System/Library/PrivateFrameworks/MultitouchSupport.framework/Versions/A/MultitouchSupport
0x0000000006130000 	/System/Library/Frameworks/IOKit.framework/Versions/A/IOKit
0x0000000006130000 	/usr/lib/libDiagnosticMessagesClient.dylib
0x0000000006130000 	/System/Library/Frameworks/CoreServices.framework/Versions/A/CoreServices
0x0000000006130000 	/System/Library/PrivateFrameworks/PerformanceAnalysis.framework/Versions/A/PerformanceAnalysis
0x0000000006130000 	/System/Library/PrivateFrameworks/GenerationalStorage.framework/Versions/A/GenerationalStorage
0x0000000006130000 	/System/Library/Frameworks/OpenGL.framework/Versions/A/OpenGL
0x0000000006130000 	/System/Library/PrivateFrameworks/Sharing.framework/Versions/A/Sharing
0x0000000006130000 	/System/Library/Frameworks/ImageIO.framework/Versions/A/ImageIO
0x0000000006130000 	/System/Library/Frameworks/CoreText.framework/Versions/A/CoreText
0x0000000006130000 	/System/Library/Frameworks/CoreGraphics.framework/Versions/A/CoreGraphics
0x0000000006130000 	/System/Library/PrivateFrameworks/Backup.framework/Versions/A/Backup
0x0000000006130000 	/System/Library/Frameworks/CFNetwork.framework/Versions/A/CFNetwork
0x0000000006130000 	/System/Library/Frameworks/SystemConfiguration.framework/Versions/A/SystemConfiguration
0x0000000006130000 	/usr/lib/libCRFSuite.dylib
0x0000000006130000 	/usr/lib/libc++.1.dylib
0x0000000006130000 	/usr/lib/libc++abi.dylib
0x0000000006130000 	/usr/lib/system/libcache.dylib
0x0000000006130000 	/usr/lib/system/libcommonCrypto.dylib
0x0000000006130000 	/usr/lib/system/libcompiler_rt.dylib
0x0000000006130000 	/usr/lib/system/libcopyfile.dylib
0x0000000006130000 	/usr/lib/system/libcorecrypto.dylib
0x0000000006130000 	/usr/lib/system/libdispatch.dylib
0x0000000006130000 	/usr/lib/system/libdyld.dylib
0x0000000006130000 	/usr/lib/system/libkeymgr.dylib
0x0000000006130000 	/usr/lib/system/liblaunch.dylib
0x0000000006130000 	/usr/lib/system/libmacho.dylib
0x0000000006130000 	/usr/lib/system/libquarantine.dylib
0x0000000006130000 	/usr/lib/system/libremovefile.dylib
0x0000000006130000 	/usr/lib/system/libsystem_asl.dylib
0x0000000006130000 	/usr/lib/system/libsystem_blocks.dylib
0x0000000006130000 	/usr/lib/system/libsystem_c.dylib
0x0000000006130000 	/usr/lib/system/libsystem_configuration.dylib
0x0000000006130000 	/usr/lib/system/libsystem_dnssd.dylib
0x0000000006130000 	/usr/lib/system/libsystem_info.dylib
0x0000000006130000 	/usr/lib/system/libsystem_kernel.dylib
0x0000000006130000 	/usr/lib/system/libsystem_m.dylib
0x0000000006130000 	/usr/lib/system/libsystem_malloc.dylib
0x0000000006130000 	/usr/lib/system/libsystem_network.dylib
0x0000000006130000 	/usr/lib/system/libsystem_notify.dylib
0x0000000006130000 	/usr/lib/system/libsystem_platform.dylib
0x0000000006130000 	/usr/lib/system/libsystem_pthread.dylib
0x0000000006130000 	/usr/lib/system/libsystem_sandbox.dylib
0x0000000006130000 	/usr/lib/system/libsystem_stats.dylib
0x0000000006130000 	/usr/lib/system/libunc.dylib
0x0000000006130000 	/usr/lib/system/libunwind.dylib
0x0000000006130000 	/usr/lib/system/libxpc.dylib
0x0000000006130000 	/usr/lib/libbsm.0.dylib
0x0000000006130000 	/usr/lib/libsqlite3.dylib
0x0000000006130000 	/usr/lib/libxar.1.dylib
0x0000000006130000 	/usr/lib/libpam.2.dylib
0x0000000006130000 	/usr/lib/libOpenScriptingUtil.dylib
0x0000000006130000 	/usr/lib/libbz2.1.0.dylib
0x0000000006130000 	/System/Library/Frameworks/CoreServices.framework/Versions/A/Frameworks/CarbonCore.framework/Versions/A/CarbonCore
0x0000000006130000 	/System/Library/Frameworks/CoreServices.framework/Versions/A/Frameworks/Metadata.framework/Versions/A/Metadata
0x0000000006130000 	/System/Library/Frameworks/CoreServices.framework/Versions/A/Frameworks/OSServices.framework/Versions/A/OSServices
0x0000000006130000 	/System/Library/Frameworks/CoreServices.framework/Versions/A/Frameworks/SearchKit.framework/Versions/A/SearchKit
0x0000000006130000 	/System/Library/Frameworks/CoreServices.framework/Versions/A/Frameworks/AE.framework/Versions/A/AE
0x0000000006130000 	/System/Library/Frameworks/CoreServices.framework/Versions/A/Frameworks/LaunchServices.framework/Versions/A/LaunchServices
0x0000000006130000 	/System/Library/Frameworks/CoreServices.framework/Versions/A/Frameworks/DictionaryServices.framework/Versions/A/DictionaryServices
0x0000000006130000 	/System/Library/Frameworks/NetFS.framework/Versions/A/NetFS
0x0000000006130000 	/usr/lib/system/libkxld.dylib
0x0000000006130000 	/System/Library/PrivateFrameworks/NetAuth.framework/Versions/A/NetAuth
0x0000000006130000 	/System/Library/PrivateFrameworks/TCC.framework/Versions/A/TCC
0x0000000006130000 	/System/Library/Frameworks/OpenDirectory.framework/Versions/A/Frameworks/CFOpenDirectory.framework/Versions/A/CFOpenDirectory
0x0000000006130000 	/System/Library/Frameworks/ServiceManagement.framework/Versions/A/ServiceManagement
0x0000000006130000 	/usr/lib/libxslt.1.dylib
0x0000000006130000 	/System/Library/Frameworks/Carbon.framework/Versions/A/Frameworks/Ink.framework/Versions/A/Ink
0x0000000006130000 	/System/Library/Frameworks/ApplicationServices.framework/Versions/A/Frameworks/ATS.framework/Versions/A/ATS
0x0000000006130000 	/System/Library/Frameworks/ApplicationServices.framework/Versions/A/Frameworks/ColorSync.framework/Versions/A/ColorSync
0x0000000006130000 	/System/Library/Frameworks/ApplicationServices.framework/Versions/A/Frameworks/HIServices.framework/Versions/A/HIServices
0x0000000006130000 	/System/Library/Frameworks/ApplicationServices.framework/Versions/A/Frameworks/LangAnalysis.framework/Versions/A/LangAnalysis
0x0000000006130000 	/System/Library/Frameworks/ApplicationServices.framework/Versions/A/Frameworks/PrintCore.framework/Versions/A/PrintCore
0x0000000006130000 	/System/Library/Frameworks/ApplicationServices.framework/Versions/A/Frameworks/QD.framework/Versions/A/QD
0x0000000006130000 	/System/Library/Frameworks/ApplicationServices.framework/Versions/A/Frameworks/SpeechSynthesis.framework/Versions/A/SpeechSynthesis
0x0000000006130000 	/System/Library/Frameworks/IOSurface.framework/Versions/A/IOSurface
0x0000000006130000 	/System/Library/Frameworks/Accelerate.framework/Versions/A/Accelerate
0x0000000006130000 	/System/Library/Frameworks/Accelerate.framework/Versions/A/Frameworks/vImage.framework/Versions/A/vImage
0x0000000006130000 	/System/Library/Frameworks/Accelerate.framework/Versions/A/Frameworks/vecLib.framework/Versions/A/vecLib
0x0000000006130000 	/System/Library/Frameworks/Accelerate.framework/Versions/A/Frameworks/vecLib.framework/Versions/A/libvDSP.dylib
0x0000000006130000 	/System/Library/Frameworks/Accelerate.framework/Versions/A/Frameworks/vecLib.framework/Versions/A/libvMisc.dylib
0x0000000006130000 	/System/Library/Frameworks/Accelerate.framework/Versions/A/Frameworks/vecLib.framework/Versions/A/libLAPACK.dylib
0x0000000006130000 	/System/Library/Frameworks/Accelerate.framework/Versions/A/Frameworks/vecLib.framework/Versions/A/libBLAS.dylib
0x0000000006130000 	/System/Library/Frameworks/ApplicationServices.framework/Versions/A/Frameworks/ATS.framework/Versions/A/Resources/libFontParser.dylib
0x0000000006130000 	/System/Library/Frameworks/ApplicationServices.framework/Versions/A/Frameworks/ATS.framework/Versions/A/Resources/libFontRegistry.dylib
0x0000000006130000 	/System/Library/Frameworks/ImageIO.framework/Versions/A/Resources/libJPEG.dylib
0x0000000006130000 	/System/Library/Frameworks/ImageIO.framework/Versions/A/Resources/libTIFF.dylib
0x0000000006130000 	/System/Library/Frameworks/ImageIO.framework/Versions/A/Resources/libPng.dylib
0x0000000006130000 	/System/Library/Frameworks/ImageIO.framework/Versions/A/Resources/libGIF.dylib
0x0000000006130000 	/System/Library/Frameworks/ImageIO.framework/Versions/A/Resources/libJP2.dylib
0x0000000006130000 	/System/Library/Frameworks/ImageIO.framework/Versions/A/Resources/libRadiance.dylib
0x0000000006130000 	/usr/lib/libcups.2.dylib
0x0000000006130000 	/System/Library/Frameworks/Kerberos.framework/Versions/A/Kerberos
0x0000000006130000 	/System/Library/Frameworks/GSS.framework/Versions/A/GSS
0x0000000006130000 	/usr/lib/libresolv.9.dylib
0x0000000006130000 	/usr/lib/libiconv.2.dylib
0x0000000006130000 	/System/Library/PrivateFrameworks/Heimdal.framework/Versions/A/Heimdal
0x0000000006130000 	/System/Library/PrivateFrameworks/TrustEvaluationAgent.framework/Versions/A/TrustEvaluationAgent
0x0000000006130000 	/usr/lib/libheimdal-asn1.dylib
0x0000000006130000 	/System/Library/Frameworks/OpenDirectory.framework/Versions/A/OpenDirectory
0x0000000006130000 	/System/Library/PrivateFrameworks/CommonAuth.framework/Versions/A/CommonAuth
0x0000000006130000 	/System/Library/Frameworks/SecurityFoundation.framework/Versions/A/SecurityFoundation
0x0000000006130000 	/System/Library/PrivateFrameworks/Bom.framework/Versions/A/Bom
0x0000000006130000 	/System/Library/Frameworks/CoreVideo.framework/Versions/A/CoreVideo
0x0000000006130000 	/System/Library/Frameworks/QuartzCore.framework/Versions/A/Frameworks/CoreImage.framework/Versions/A/CoreImage
0x0000000006130000 	/System/Library/Frameworks/QuartzCore.framework/Versions/A/Frameworks/ScalableUserInterface.framework/Versions/A/ScalableUserInterface
0x0000000006130000 	/System/Library/Frameworks/OpenGL.framework/Versions/A/Libraries/libGLU.dylib
0x0000000006130000 	/System/Library/Frameworks/OpenGL.framework/Versions/A/Libraries/libGFXShared.dylib
0x0000000006130000 	/System/Library/Frameworks/OpenGL.framework/Versions/A/Libraries/libGL.dylib
0x0000000006130000 	/System/Library/Frameworks/OpenGL.framework/Versions/A/Libraries/libGLImage.dylib
0x0000000006130000 	/System/Library/Frameworks/OpenGL.framework/Versions/A/Libraries/libCVMSPluginSupport.dylib
0x0000000006130000 	/System/Library/Frameworks/OpenGL.framework/Versions/A/Libraries/libCoreVMClient.dylib
0x0000000006130000 	/System/Library/PrivateFrameworks/FaceCore.framework/Versions/A/FaceCore
0x0000000006130000 	/System/Library/PrivateFrameworks/CrashReporterSupport.framework/Versions/A/CrashReporterSupport
0x0000000006130000 	/System/Library/Frameworks/OpenCL.framework/Versions/A/OpenCL
0x0000000006130000 	/System/Library/PrivateFrameworks/AppleFSCompression.framework/Versions/A/AppleFSCompression
0x0000000006130000 	/System/Library/PrivateFrameworks/Ubiquity.framework/Versions/A/Ubiquity
0x0000000006130000 	/System/Library/PrivateFrameworks/IconServices.framework/Versions/A/IconServices
0x0000000006130000 	/System/Library/PrivateFrameworks/ChunkingLibrary.framework/Versions/A/ChunkingLibrary
0x0000000006130000 	/System/Library/PrivateFrameworks/CoreSymbolication.framework/Versions/A/CoreSymbolication
0x0000000006130000 	/System/Library/PrivateFrameworks/Symbolication.framework/Versions/A/Symbolication
0x0000000006130000 	/System/Library/PrivateFrameworks/DebugSymbols.framework/Versions/A/DebugSymbols
0x000000010a001000 	/Users/mallika/dev/jMonkeyPlatform.app/Contents/Resources/jmonkeyplatform/jdk/jre/lib/server/libjvm.dylib
0x0000000006130000 	/usr/lib/libstdc++.6.dylib
0x000000010ab6d000 	/Users/mallika/dev/jMonkeyPlatform.app/Contents/Resources/jmonkeyplatform/jdk/jre/lib/libverify.dylib
0x000000010ab7a000 	/Users/mallika/dev/jMonkeyPlatform.app/Contents/Resources/jmonkeyplatform/jdk/jre/lib/libjava.dylib
0x000000010abb4000 	/Users/mallika/dev/jMonkeyPlatform.app/Contents/Resources/jmonkeyplatform/jdk/jre/lib/libzip.dylib
0x000000010abe7000 	/System/Library/Frameworks/JavaVM.framework/Frameworks/JavaRuntimeSupport.framework/JavaRuntimeSupport
0x0000000113ffd000 	/System/Library/Frameworks/JavaVM.framework/Versions/A/Frameworks/JavaNativeFoundation.framework/Versions/A/JavaNativeFoundation
0x0000000114012000 	/System/Library/Frameworks/JavaVM.framework/Versions/A/JavaVM
0x0000000006130000 	/System/Library/Frameworks/Carbon.framework/Versions/A/Carbon
0x000000011401f000 	/System/Library/PrivateFrameworks/JavaLaunching.framework/Versions/A/JavaLaunching
0x0000000006130000 	/System/Library/Frameworks/Carbon.framework/Versions/A/Frameworks/CommonPanels.framework/Versions/A/CommonPanels
0x0000000006130000 	/System/Library/Frameworks/Carbon.framework/Versions/A/Frameworks/Help.framework/Versions/A/Help
0x0000000006130000 	/System/Library/Frameworks/Carbon.framework/Versions/A/Frameworks/ImageCapture.framework/Versions/A/ImageCapture
0x0000000006130000 	/System/Library/Frameworks/Carbon.framework/Versions/A/Frameworks/OpenScripting.framework/Versions/A/OpenScripting
0x0000000006130000 	/System/Library/Frameworks/Carbon.framework/Versions/A/Frameworks/Print.framework/Versions/A/Print
0x0000000006130000 	/System/Library/Frameworks/Carbon.framework/Versions/A/Frameworks/SecurityHI.framework/Versions/A/SecurityHI
0x00000001146f5000 	/Users/mallika/dev/jMonkeyPlatform.app/Contents/Resources/jmonkeyplatform/jdk/jre/lib/libawt.dylib
0x00000001147a4000 	/Users/mallika/dev/jMonkeyPlatform.app/Contents/Resources/jmonkeyplatform/jdk/jre/lib/./libmlib_image.dylib
0x0000000114870000 	/Users/mallika/dev/jMonkeyPlatform.app/Contents/Resources/jmonkeyplatform/jdk/jre/lib/lwawt/liblwawt.dylib
0x0000000114924000 	/Users/mallika/dev/jMonkeyPlatform.app/Contents/Resources/jmonkeyplatform/jdk/jre/lib/libosxapp.dylib
0x0000000006130000 	/System/Library/Frameworks/ExceptionHandling.framework/Versions/A/ExceptionHandling
0x0000000006130000 	/System/Library/PrivateFrameworks/CoreServicesInternal.framework/Versions/A/CoreServicesInternal
0x0000000006130000 	/System/Library/PrivateFrameworks/Librarian.framework/Versions/A/Librarian
0x0000000006130000 	/System/Library/Frameworks/CoreGraphics.framework/Versions/A/Resources/libCGCMS.A.dylib
0x0000000006130000 	/System/Library/Frameworks/CoreGraphics.framework/Versions/A/Resources/libRIP.A.dylib
0x0000000006130000 	/System/Library/Frameworks/CoreGraphics.framework/Versions/A/Resources/libCGXType.A.dylib
0x0000000006130000 	/System/Library/PrivateFrameworks/FamilyControls.framework/Versions/A/FamilyControls
0x0000000006130000 	/System/Library/PrivateFrameworks/CommerceKit.framework/Versions/A/Frameworks/CommerceCore.framework/Versions/A/CommerceCore
0x0000000006130000 	/System/Library/PrivateFrameworks/SystemAdministration.framework/Versions/A/SystemAdministration
0x0000000006130000 	/System/Library/Frameworks/DirectoryService.framework/Versions/A/DirectoryService
0x0000000006130000 	/System/Library/PrivateFrameworks/DiskImages.framework/Versions/A/DiskImages
0x0000000006130000 	/System/Library/PrivateFrameworks/LoginUIKit.framework/Versions/A/Frameworks/LoginUICore.framework/Versions/A/LoginUICore
0x0000000006130000 	/usr/lib/libCoreStorage.dylib
0x0000000006130000 	/usr/lib/libcsfde.dylib
0x0000000006130000 	/usr/lib/libodfde.dylib
0x0000000006130000 	/System/Library/Frameworks/DiscRecording.framework/Versions/A/DiscRecording
0x0000000006130000 	/usr/lib/libcurl.4.dylib
0x0000000006130000 	/System/Library/PrivateFrameworks/MediaKit.framework/Versions/A/MediaKit
0x0000000006130000 	/System/Library/PrivateFrameworks/EFILogin.framework/Versions/A/EFILogin
0x0000000006130000 	/usr/lib/libutil.dylib
0x0000000006130000 	/System/Library/PrivateFrameworks/AOSNotification.framework/Versions/A/AOSNotification
0x0000000006130000 	/System/Library/Frameworks/LDAP.framework/Versions/A/LDAP
0x0000000006130000 	/usr/lib/libsasl2.2.dylib
0x0000000006130000 	/usr/lib/libcrypto.0.9.8.dylib
0x0000000006130000 	/usr/lib/libssl.0.9.8.dylib
0x0000000118fd1000 	/Users/mallika/dev/jMonkeyPlatform.app/Contents/Resources/jmonkeyplatform/jdk/jre/lib/libfontmanager.dylib
0x0000000006130000 	/System/Library/Frameworks/OpenGL.framework/Versions/A/Resources/GLEngine.bundle/GLEngine
0x0000000006130000 	/System/Library/Frameworks/OpenGL.framework/Versions/A/Libraries/libGLProgrammability.dylib
0x0000000000000000 	/System/Library/Extensions/GeForceTeslaGLDriver.bundle/Contents/MacOS/GeForceTeslaGLDriver
0x00000001192c1000 	/System/Library/Extensions/GeForceTeslaGLDriver.bundle/Contents/MacOS/libclh.dylib
0x000000011620f000 	/System/Library/PrivateFrameworks/GPUSupport.framework/Versions/A/Libraries/libGPUSupport.dylib
0x0000000006130000 	/System/Library/Frameworks/OpenGL.framework/Versions/A/Resources/GLRendererFloat.bundle/GLRendererFloat
0x0000000006130000 	/System/Library/Frameworks/OpenCL.framework/Versions/A/Libraries/libcldcpuengine.dylib
0x000000011a054000 	/Users/mallika/dev/jMonkeyPlatform.app/Contents/Resources/jmonkeyplatform/jdk/jre/lib/libosxui.dylib
0x0000000118f2e000 	/Users/mallika/dev/jMonkeyPlatform.app/Contents/Resources/jmonkeyplatform/jdk/jre/lib/libosx.dylib
0x000000011b2ec000 	/Users/mallika/dev/jMonkeyPlatform.app/Contents/Resources/jmonkeyplatform/jdk/jre/lib/libnet.dylib
0x000000011b4e4000 	/Users/mallika/dev/jMonkeyPlatform.app/Contents/Resources/jmonkeyplatform/jdk/jre/lib/libnio.dylib
0x000000011a43c000 	/Users/mallika/dev/CMPE_202_Project/cmpe202-project/liblwjgl.dylib
0x0000000118f41000 	/Users/mallika/dev/jMonkeyPlatform.app/Contents/Resources/jmonkeyplatform/jdk/jre/lib/libjawt.dylib
0x000000011bdcc000 	/Users/mallika/dev/CMPE_202_Project/cmpe202-project/openal.dylib
0x0000000120f40000 	/System/Library/Components/CoreAudio.component/Contents/MacOS/CoreAudio
0x000000011a8bd000 	/System/Library/Extensions/AppleHDA.kext/Contents/PlugIns/AppleHDAHALPlugIn.bundle/Contents/MacOS/AppleHDAHALPlugIn
0x000000011be28000 	/Users/mallika/dev/jMonkeyPlatform.app/Contents/Resources/jmonkeyplatform/jdk/jre/lib/libjpeg.dylib

VM Arguments:
jvm_args: -Dfile.encoding=UTF-8 
java_command: mygame.Main
Launcher Type: SUN_STANDARD

Environment Variables:
PATH=/usr/bin:/bin:/usr/sbin:/sbin
LD_LIBRARY_PATH=/Users/mallika/dev/jMonkeyPlatform.app/Contents/MacOS/../Resources/jmonkeyplatform/bin/../jdk/jre/lib/amd64:/Users/mallika/dev/jMonkeyPlatform.app/Contents/MacOS/../Resources/jmonkeyplatform/bin/../jdk/jre/lib/i386:
SHELL=/bin/bash

Signal Handlers:
SIGSEGV: [libjvm.dylib+0x525425], sa_mask[0]=0xfffefeff, sa_flags=0x00000043
SIGBUS: [libjvm.dylib+0x525425], sa_mask[0]=0xfffefeff, sa_flags=0x00000042
SIGFPE: [libjvm.dylib+0x41892a], sa_mask[0]=0xfffefeff, sa_flags=0x00000042
SIGPIPE: [libjvm.dylib+0x41892a], sa_mask[0]=0xfffefeff, sa_flags=0x00000042
SIGXFSZ: [libjvm.dylib+0x41892a], sa_mask[0]=0xfffefeff, sa_flags=0x00000042
SIGILL: [libjvm.dylib+0x41892a], sa_mask[0]=0xfffefeff, sa_flags=0x00000042
SIGUSR1: SIG_DFL, sa_mask[0]=0x00000000, sa_flags=0x00000002
SIGUSR2: [libjvm.dylib+0x41841c], sa_mask[0]=0x00000004, sa_flags=0x00000042
SIGHUP: [libjvm.dylib+0x4166ab], sa_mask[0]=0xfffefeff, sa_flags=0x00000042
SIGINT: SIG_IGN, sa_mask[0]=0x00000000, sa_flags=0x00000000
SIGTERM: [libjvm.dylib+0x4166ab], sa_mask[0]=0xfffefeff, sa_flags=0x00000042
SIGQUIT: [libjvm.dylib+0x4166ab], sa_mask[0]=0xfffefeff, sa_flags=0x00000042


---------------  S Y S T E M  ---------------

OS:Bsduname:Darwin 13.1.0 Darwin Kernel Version 13.1.0: Wed Apr  2 23:52:02 PDT 2014; root:xnu-2422.92.1~2/RELEASE_X86_64 x86_64
rlimit: STACK 8192k, CORE 0k, NPROC 709, NOFILE 10240, AS infinity
load average:2.58 2.07 1.99

CPU:total 2 (2 cores per cpu, 1 threads per core) family 6 model 23 stepping 10, cmov, cx8, fxsr, mmx, sse, sse2, sse3, ssse3, sse4.1, tsc

Memory: 4k page, physical 8388608k(2097152k free)

/proc/meminfo:


vm_info: Java HotSpot(TM) 64-Bit Server VM (24.51-b03) for bsd-amd64 JRE (1.7.0_51-b13), built on Dec 18 2013 18:45:56 by "java_re" with gcc 4.2.1 (Based on Apple Inc. build 5658) (LLVM build 2336.11.00)

time: Mon Nov 24 15:11:19 2014
elapsed time: 24 seconds

